  stdafx.cpp
E:\1.로컬_카타나제로\katana_zero_v1.0_sound\allData.h(708,54): warning C4244: '=': 'float'에서 'LONG'(으)로 변환하면서 데이터가 손실될 수 있습니다.
E:\1.로컬_카타나제로\katana_zero_v1.0_sound\allData.h(708,71): warning C4244: '=': 'float'에서 'LONG'(으)로 변환하면서 데이터가 손실될 수 있습니다.
  bossClass.cpp
E:\1.로컬_카타나제로\katana_zero_v1.0_sound\bossClass.h(82,14): warning C4244: '초기화 중': 'float'에서 'int'(으)로 변환하면서 데이터가 손실될 수 있습니다.
E:\1.로컬_카타나제로\katana_zero_v1.0_sound\bossClass.h(84,68): warning C4244: '인수': 'float'에서 'int'(으)로 변환하면서 데이터가 손실될 수 있습니다.
E:\1.로컬_카타나제로\katana_zero_v1.0_sound\bossClass.h(92,16): warning C4244: '=': 'int'에서 'float'(으)로 변환하면서 데이터가 손실될 수 있습니다.
E:\1.로컬_카타나제로\katana_zero_v1.0_sound\bossClass.cpp(116,22): warning C4018: '<': signed 또는 unsigned가 일치하지 않습니다.
E:\1.로컬_카타나제로\katana_zero_v1.0_sound\bossClass.cpp(396,64): warning C4244: '인수': 'float'에서 'int'(으)로 변환하면서 데이터가 손실될 수 있습니다.
E:\1.로컬_카타나제로\katana_zero_v1.0_sound\bossClass.cpp(396,35): warning C4244: '인수': 'float'에서 'int'(으)로 변환하면서 데이터가 손실될 수 있습니다.
E:\1.로컬_카타나제로\katana_zero_v1.0_sound\bossClass.cpp(415,31): warning C4244: '=': 'LONG'에서 'float'(으)로 변환하면서 데이터가 손실될 수 있습니다.
E:\1.로컬_카타나제로\katana_zero_v1.0_sound\bossClass.cpp(416,30): warning C4244: '=': 'LONG'에서 'float'(으)로 변환하면서 데이터가 손실될 수 있습니다.
E:\1.로컬_카타나제로\katana_zero_v1.0_sound\bossClass.cpp(417,31): warning C4244: '=': 'LONG'에서 'float'(으)로 변환하면서 데이터가 손실될 수 있습니다.
E:\1.로컬_카타나제로\katana_zero_v1.0_sound\bossClass.cpp(418,30): warning C4244: '=': 'LONG'에서 'float'(으)로 변환하면서 데이터가 손실될 수 있습니다.
E:\1.로컬_카타나제로\katana_zero_v1.0_sound\bossClass.cpp(442,21): warning C4018: '<': signed 또는 unsigned가 일치하지 않습니다.
E:\1.로컬_카타나제로\katana_zero_v1.0_sound\bossClass.cpp(472,101): warning C4244: '인수': 'float'에서 'int'(으)로 변환하면서 데이터가 손실될 수 있습니다.
E:\1.로컬_카타나제로\katana_zero_v1.0_sound\bossClass.cpp(472,62): warning C4244: '인수': 'float'에서 'int'(으)로 변환하면서 데이터가 손실될 수 있습니다.
E:\1.로컬_카타나제로\katana_zero_v1.0_sound\bossClass.cpp(473,116): warning C4244: '인수': 'float'에서 'int'(으)로 변환하면서 데이터가 손실될 수 있습니다.
E:\1.로컬_카타나제로\katana_zero_v1.0_sound\bossClass.cpp(473,77): warning C4244: '인수': 'float'에서 'int'(으)로 변환하면서 데이터가 손실될 수 있습니다.
E:\1.로컬_카타나제로\katana_zero_v1.0_sound\bossClass.cpp(479,101): warning C4244: '인수': 'float'에서 'int'(으)로 변환하면서 데이터가 손실될 수 있습니다.
E:\1.로컬_카타나제로\katana_zero_v1.0_sound\bossClass.cpp(479,62): warning C4244: '인수': 'float'에서 'int'(으)로 변환하면서 데이터가 손실될 수 있습니다.
E:\1.로컬_카타나제로\katana_zero_v1.0_sound\bossClass.cpp(480,116): warning C4244: '인수': 'float'에서 'int'(으)로 변환하면서 데이터가 손실될 수 있습니다.
E:\1.로컬_카타나제로\katana_zero_v1.0_sound\bossClass.cpp(480,77): warning C4244: '인수': 'float'에서 'int'(으)로 변환하면서 데이터가 손실될 수 있습니다.
E:\1.로컬_카타나제로\katana_zero_v1.0_sound\bossClass.cpp(496,50): warning C4244: '=': 'float'에서 'int'(으)로 변환하면서 데이터가 손실될 수 있습니다.
E:\1.로컬_카타나제로\katana_zero_v1.0_sound\bossClass.cpp(496,108): warning C4244: '=': 'float'에서 'int'(으)로 변환하면서 데이터가 손실될 수 있습니다.
E:\1.로컬_카타나제로\katana_zero_v1.0_sound\bossClass.cpp(500,98): warning C4244: '인수': 'float'에서 'int'(으)로 변환하면서 데이터가 손실될 수 있습니다.
E:\1.로컬_카타나제로\katana_zero_v1.0_sound\bossClass.cpp(500,63): warning C4244: '인수': 'float'에서 'int'(으)로 변환하면서 데이터가 손실될 수 있습니다.
E:\1.로컬_카타나제로\katana_zero_v1.0_sound\bossClass.cpp(503,96): warning C4244: '인수': 'float'에서 'int'(으)로 변환하면서 데이터가 손실될 수 있습니다.
E:\1.로컬_카타나제로\katana_zero_v1.0_sound\bossClass.cpp(503,61): warning C4244: '인수': 'float'에서 'int'(으)로 변환하면서 데이터가 손실될 수 있습니다.
E:\1.로컬_카타나제로\katana_zero_v1.0_sound\bossClass.cpp(504,81): warning C4244: '인수': 'float'에서 'int'(으)로 변환하면서 데이터가 손실될 수 있습니다.
E:\1.로컬_카타나제로\katana_zero_v1.0_sound\bossClass.cpp(504,46): warning C4244: '인수': 'float'에서 'int'(으)로 변환하면서 데이터가 손실될 수 있습니다.
E:\1.로컬_카타나제로\katana_zero_v1.0_sound\bossClass.cpp(509,99): warning C4244: '인수': 'float'에서 'int'(으)로 변환하면서 데이터가 손실될 수 있습니다.
E:\1.로컬_카타나제로\katana_zero_v1.0_sound\bossClass.cpp(509,64): warning C4244: '인수': 'float'에서 'int'(으)로 변환하면서 데이터가 손실될 수 있습니다.
E:\1.로컬_카타나제로\katana_zero_v1.0_sound\bossClass.cpp(512,97): warning C4244: '인수': 'float'에서 'int'(으)로 변환하면서 데이터가 손실될 수 있습니다.
E:\1.로컬_카타나제로\katana_zero_v1.0_sound\bossClass.cpp(512,62): warning C4244: '인수': 'float'에서 'int'(으)로 변환하면서 데이터가 손실될 수 있습니다.
E:\1.로컬_카타나제로\katana_zero_v1.0_sound\bossClass.cpp(513,65): warning C4244: '인수': 'float'에서 'int'(으)로 변환하면서 데이터가 손실될 수 있습니다.
E:\1.로컬_카타나제로\katana_zero_v1.0_sound\bossClass.cpp(513,46): warning C4244: '인수': 'float'에서 'int'(으)로 변환하면서 데이터가 손실될 수 있습니다.
E:\1.로컬_카타나제로\katana_zero_v1.0_sound\bossClass.cpp(653,94): warning C4244: '인수': 'float'에서 'int'(으)로 변환하면서 데이터가 손실될 수 있습니다.
E:\1.로컬_카타나제로\katana_zero_v1.0_sound\bossClass.cpp(653,58): warning C4244: '인수': 'float'에서 'int'(으)로 변환하면서 데이터가 손실될 수 있습니다.
E:\1.로컬_카타나제로\katana_zero_v1.0_sound\bossClass.cpp(667,46): error C2664: 'BOOL TextOutW(HDC,int,int,LPCWSTR,int)': 인수 4을(를) 'char [256]'에서 'LPCWSTR'(으)로 변환할 수 없습니다.
E:\1.로컬_카타나제로\katana_zero_v1.0_sound\bossClass.cpp(667,30): message : 가리킨 형식이 관련이 없습니다. 변환하려면 reinterpret_cast, C 스타일 캐스트 또는 함수 스타일 캐스트가 필요합니다.
C:\Program Files (x86)\Windows Kits\10\Include\10.0.18362.0\um\wingdi.h(5101,25): message : 'TextOutW' 선언을 참조하십시오.
E:\1.로컬_카타나제로\katana_zero_v1.0_sound\bossClass.cpp(666,1): error C4996: 'sprintf': This function or variable may be unsafe. Consider using sprintf_s instead. To disable deprecation, use _CRT_SECURE_NO_WARNINGS. See online help for details.
C:\Program Files (x86)\Windows Kits\10\Include\10.0.18362.0\ucrt\stdio.h(1774): message : 'sprintf' 선언을 참조하십시오.
E:\1.로컬_카타나제로\katana_zero_v1.0_sound\bossClass.cpp(763,30): warning C4305: '=': 'double'에서 'float'(으)로 잘립니다.
E:\1.로컬_카타나제로\katana_zero_v1.0_sound\bossClass.cpp(904,37): warning C4244: '*=': 'float'에서 'int'(으)로 변환하면서 데이터가 손실될 수 있습니다.
E:\1.로컬_카타나제로\katana_zero_v1.0_sound\bossClass.cpp(1065,29): warning C4244: '인수': 'float'에서 'int'(으)로 변환하면서 데이터가 손실될 수 있습니다.
E:\1.로컬_카타나제로\katana_zero_v1.0_sound\bossClass.cpp(1224,29): warning C4244: '인수': 'float'에서 'int'(으)로 변환하면서 데이터가 손실될 수 있습니다.
E:\1.로컬_카타나제로\katana_zero_v1.0_sound\bossClass.cpp(1248,37): warning C4244: '*=': 'float'에서 'int'(으)로 변환하면서 데이터가 손실될 수 있습니다.
E:\1.로컬_카타나제로\katana_zero_v1.0_sound\bossClass.cpp(1273,13): warning C4244: '초기화 중': 'float'에서 'int'(으)로 변환하면서 데이터가 손실될 수 있습니다.
E:\1.로컬_카타나제로\katana_zero_v1.0_sound\bossClass.cpp(1275,67): warning C4244: '인수': 'float'에서 'int'(으)로 변환하면서 데이터가 손실될 수 있습니다.
E:\1.로컬_카타나제로\katana_zero_v1.0_sound\bossClass.cpp(1291,13): warning C4244: '초기화 중': 'float'에서 'int'(으)로 변환하면서 데이터가 손실될 수 있습니다.
E:\1.로컬_카타나제로\katana_zero_v1.0_sound\bossClass.cpp(1293,67): warning C4244: '인수': 'float'에서 'int'(으)로 변환하면서 데이터가 손실될 수 있습니다.
E:\1.로컬_카타나제로\katana_zero_v1.0_sound\bossClass.cpp(1309,13): warning C4244: '초기화 중': 'float'에서 'int'(으)로 변환하면서 데이터가 손실될 수 있습니다.
E:\1.로컬_카타나제로\katana_zero_v1.0_sound\bossClass.cpp(1312,70): warning C4244: '인수': 'float'에서 'int'(으)로 변환하면서 데이터가 손실될 수 있습니다.
  bullet.cpp
E:\1.로컬_카타나제로\katana_zero_v1.0_sound\bullet.cpp(36,20): warning C4018: '<': signed 또는 unsigned가 일치하지 않습니다.
E:\1.로컬_카타나제로\katana_zero_v1.0_sound\bullet.cpp(48,21): warning C4018: '<': signed 또는 unsigned가 일치하지 않습니다.
E:\1.로컬_카타나제로\katana_zero_v1.0_sound\bullet.cpp(75,20): warning C4018: '<': signed 또는 unsigned가 일치하지 않습니다.
E:\1.로컬_카타나제로\katana_zero_v1.0_sound\bullet.cpp(79,88): warning C4244: '인수': 'LONG'에서 'float'(으)로 변환하면서 데이터가 손실될 수 있습니다.
E:\1.로컬_카타나제로\katana_zero_v1.0_sound\bullet.cpp(79,67): warning C4244: '인수': 'LONG'에서 'float'(으)로 변환하면서 데이터가 손실될 수 있습니다.
E:\1.로컬_카타나제로\katana_zero_v1.0_sound\bullet.cpp(95,57): warning C4244: '인수': 'float'에서 'int'(으)로 변환하면서 데이터가 손실될 수 있습니다.
E:\1.로컬_카타나제로\katana_zero_v1.0_sound\bullet.cpp(95,43): warning C4244: '인수': 'float'에서 'int'(으)로 변환하면서 데이터가 손실될 수 있습니다.
E:\1.로컬_카타나제로\katana_zero_v1.0_sound\bullet.cpp(110,57): warning C4244: '인수': 'float'에서 'int'(으)로 변환하면서 데이터가 손실될 수 있습니다.
E:\1.로컬_카타나제로\katana_zero_v1.0_sound\bullet.cpp(110,43): warning C4244: '인수': 'float'에서 'int'(으)로 변환하면서 데이터가 손실될 수 있습니다.
E:\1.로컬_카타나제로\katana_zero_v1.0_sound\bullet.cpp(157,20): warning C4018: '<': signed 또는 unsigned가 일치하지 않습니다.
E:\1.로컬_카타나제로\katana_zero_v1.0_sound\bullet.cpp(171,21): warning C4018: '<': signed 또는 unsigned가 일치하지 않습니다.
E:\1.로컬_카타나제로\katana_zero_v1.0_sound\bullet.cpp(187,21): warning C4018: '<': signed 또는 unsigned가 일치하지 않습니다.
E:\1.로컬_카타나제로\katana_zero_v1.0_sound\bullet.cpp(203,154): warning C4244: '인수': 'float'에서 'int'(으)로 변환하면서 데이터가 손실될 수 있습니다.
E:\1.로컬_카타나제로\katana_zero_v1.0_sound\bullet.cpp(203,108): warning C4244: '인수': 'float'에서 'int'(으)로 변환하면서 데이터가 손실될 수 있습니다.
E:\1.로컬_카타나제로\katana_zero_v1.0_sound\bullet.cpp(204,157): warning C4244: '인수': 'float'에서 'int'(으)로 변환하면서 데이터가 손실될 수 있습니다.
E:\1.로컬_카타나제로\katana_zero_v1.0_sound\bullet.cpp(204,110): warning C4244: '인수': 'float'에서 'int'(으)로 변환하면서 데이터가 손실될 수 있습니다.
E:\1.로컬_카타나제로\katana_zero_v1.0_sound\bullet.cpp(244,57): warning C4244: '인수': 'float'에서 'int'(으)로 변환하면서 데이터가 손실될 수 있습니다.
E:\1.로컬_카타나제로\katana_zero_v1.0_sound\bullet.cpp(244,43): warning C4244: '인수': 'float'에서 'int'(으)로 변환하면서 데이터가 손실될 수 있습니다.
E:\1.로컬_카타나제로\katana_zero_v1.0_sound\bullet.cpp(259,55): warning C4244: '+=': 'double'에서 'float'(으)로 변환하면서 데이터가 손실될 수 있습니다.
E:\1.로컬_카타나제로\katana_zero_v1.0_sound\bullet.cpp(262,57): warning C4244: '인수': 'float'에서 'int'(으)로 변환하면서 데이터가 손실될 수 있습니다.
E:\1.로컬_카타나제로\katana_zero_v1.0_sound\bullet.cpp(262,43): warning C4244: '인수': 'float'에서 'int'(으)로 변환하면서 데이터가 손실될 수 있습니다.
  camera.cpp
E:\1.로컬_카타나제로\katana_zero_v1.0_sound\camera.cpp(72,93): warning C4244: '인수': 'float'에서 'int'(으)로 변환하면서 데이터가 손실될 수 있습니다.
E:\1.로컬_카타나제로\katana_zero_v1.0_sound\camera.cpp(72,65): warning C4244: '인수': 'float'에서 'int'(으)로 변환하면서 데이터가 손실될 수 있습니다.
  effectClass.cpp
E:\1.로컬_카타나제로\katana_zero_v1.0_sound\effectClass.cpp(75,21): warning C4018: '<': signed 또는 unsigned가 일치하지 않습니다.
E:\1.로컬_카타나제로\katana_zero_v1.0_sound\effectClass.cpp(77,92): warning C4244: '인수': 'float'에서 'int'(으)로 변환하면서 데이터가 손실될 수 있습니다.
E:\1.로컬_카타나제로\katana_zero_v1.0_sound\effectClass.cpp(77,54): warning C4244: '인수': 'float'에서 'int'(으)로 변환하면서 데이터가 손실될 수 있습니다.
E:\1.로컬_카타나제로\katana_zero_v1.0_sound\effectClass.cpp(110,21): warning C4018: '<': signed 또는 unsigned가 일치하지 않습니다.
E:\1.로컬_카타나제로\katana_zero_v1.0_sound\effectClass.cpp(151,90): warning C4244: '인수': 'float'에서 'int'(으)로 변환하면서 데이터가 손실될 수 있습니다.
E:\1.로컬_카타나제로\katana_zero_v1.0_sound\effectClass.cpp(151,54): warning C4244: '인수': 'float'에서 'int'(으)로 변환하면서 데이터가 손실될 수 있습니다.
E:\1.로컬_카타나제로\katana_zero_v1.0_sound\effectClass.cpp(167,21): warning C4018: '<': signed 또는 unsigned가 일치하지 않습니다.
E:\1.로컬_카타나제로\katana_zero_v1.0_sound\effectClass.cpp(169,89): warning C4244: '인수': 'float'에서 'int'(으)로 변환하면서 데이터가 손실될 수 있습니다.
E:\1.로컬_카타나제로\katana_zero_v1.0_sound\effectClass.cpp(169,55): warning C4244: '인수': 'float'에서 'int'(으)로 변환하면서 데이터가 손실될 수 있습니다.
E:\1.로컬_카타나제로\katana_zero_v1.0_sound\effectClass.cpp(175,21): warning C4018: '<': signed 또는 unsigned가 일치하지 않습니다.
E:\1.로컬_카타나제로\katana_zero_v1.0_sound\effectClass.cpp(179,129): warning C4244: '인수': 'float'에서 'int'(으)로 변환하면서 데이터가 손실될 수 있습니다.
E:\1.로컬_카타나제로\katana_zero_v1.0_sound\effectClass.cpp(179,85): warning C4244: '인수': 'float'에서 'int'(으)로 변환하면서 데이터가 손실될 수 있습니다.
  enemyClass.cpp
E:\1.로컬_카타나제로\katana_zero_v1.0_sound\enemyClass.h(386,70): warning C4244: '=': 'int'에서 'float'(으)로 변환하면서 데이터가 손실될 수 있습니다.
E:\1.로컬_카타나제로\katana_zero_v1.0_sound\enemyClass.cpp(32,21): warning C4018: '<': signed 또는 unsigned가 일치하지 않습니다.
E:\1.로컬_카타나제로\katana_zero_v1.0_sound\enemyClass.cpp(41,46): warning C4244: '=': 'LONG'에서 'float'(으)로 변환하면서 데이터가 손실될 수 있습니다.
E:\1.로컬_카타나제로\katana_zero_v1.0_sound\enemyClass.cpp(42,45): warning C4244: '=': 'LONG'에서 'float'(으)로 변환하면서 데이터가 손실될 수 있습니다.
E:\1.로컬_카타나제로\katana_zero_v1.0_sound\enemyClass.cpp(46,46): warning C4244: '=': 'LONG'에서 'float'(으)로 변환하면서 데이터가 손실될 수 있습니다.
E:\1.로컬_카타나제로\katana_zero_v1.0_sound\enemyClass.cpp(47,45): warning C4244: '=': 'LONG'에서 'float'(으)로 변환하면서 데이터가 손실될 수 있습니다.
E:\1.로컬_카타나제로\katana_zero_v1.0_sound\enemyClass.cpp(51,46): warning C4244: '=': 'LONG'에서 'float'(으)로 변환하면서 데이터가 손실될 수 있습니다.
E:\1.로컬_카타나제로\katana_zero_v1.0_sound\enemyClass.cpp(52,45): warning C4244: '=': 'LONG'에서 'float'(으)로 변환하면서 데이터가 손실될 수 있습니다.
E:\1.로컬_카타나제로\katana_zero_v1.0_sound\enemyClass.cpp(56,46): warning C4244: '=': 'LONG'에서 'float'(으)로 변환하면서 데이터가 손실될 수 있습니다.
E:\1.로컬_카타나제로\katana_zero_v1.0_sound\enemyClass.cpp(57,45): warning C4244: '=': 'LONG'에서 'float'(으)로 변환하면서 데이터가 손실될 수 있습니다.
E:\1.로컬_카타나제로\katana_zero_v1.0_sound\enemyClass.cpp(64,46): warning C4244: '=': 'LONG'에서 'float'(으)로 변환하면서 데이터가 손실될 수 있습니다.
E:\1.로컬_카타나제로\katana_zero_v1.0_sound\enemyClass.cpp(65,45): warning C4244: '=': 'LONG'에서 'float'(으)로 변환하면서 데이터가 손실될 수 있습니다.
E:\1.로컬_카타나제로\katana_zero_v1.0_sound\enemyClass.cpp(69,46): warning C4244: '=': 'LONG'에서 'float'(으)로 변환하면서 데이터가 손실될 수 있습니다.
E:\1.로컬_카타나제로\katana_zero_v1.0_sound\enemyClass.cpp(70,45): warning C4244: '=': 'LONG'에서 'float'(으)로 변환하면서 데이터가 손실될 수 있습니다.
E:\1.로컬_카타나제로\katana_zero_v1.0_sound\enemyClass.cpp(74,46): warning C4244: '=': 'LONG'에서 'float'(으)로 변환하면서 데이터가 손실될 수 있습니다.
E:\1.로컬_카타나제로\katana_zero_v1.0_sound\enemyClass.cpp(75,45): warning C4244: '=': 'LONG'에서 'float'(으)로 변환하면서 데이터가 손실될 수 있습니다.
E:\1.로컬_카타나제로\katana_zero_v1.0_sound\enemyClass.cpp(79,46): warning C4244: '=': 'LONG'에서 'float'(으)로 변환하면서 데이터가 손실될 수 있습니다.
E:\1.로컬_카타나제로\katana_zero_v1.0_sound\enemyClass.cpp(80,45): warning C4244: '=': 'LONG'에서 'float'(으)로 변환하면서 데이터가 손실될 수 있습니다.
E:\1.로컬_카타나제로\katana_zero_v1.0_sound\enemyClass.cpp(84,46): warning C4244: '=': 'LONG'에서 'float'(으)로 변환하면서 데이터가 손실될 수 있습니다.
E:\1.로컬_카타나제로\katana_zero_v1.0_sound\enemyClass.cpp(85,45): warning C4244: '=': 'LONG'에서 'float'(으)로 변환하면서 데이터가 손실될 수 있습니다.
E:\1.로컬_카타나제로\katana_zero_v1.0_sound\enemyClass.cpp(105,114): warning C4244: '인수': 'float'에서 'int'(으)로 변환하면서 데이터가 손실될 수 있습니다.
E:\1.로컬_카타나제로\katana_zero_v1.0_sound\enemyClass.cpp(105,80): warning C4244: '인수': 'float'에서 'int'(으)로 변환하면서 데이터가 손실될 수 있습니다.
E:\1.로컬_카타나제로\katana_zero_v1.0_sound\enemyClass.cpp(109,114): warning C4244: '인수': 'float'에서 'int'(으)로 변환하면서 데이터가 손실될 수 있습니다.
E:\1.로컬_카타나제로\katana_zero_v1.0_sound\enemyClass.cpp(109,80): warning C4244: '인수': 'float'에서 'int'(으)로 변환하면서 데이터가 손실될 수 있습니다.
E:\1.로컬_카타나제로\katana_zero_v1.0_sound\enemyClass.cpp(118,22): warning C4018: '<': signed 또는 unsigned가 일치하지 않습니다.
E:\1.로컬_카타나제로\katana_zero_v1.0_sound\enemyClass.cpp(140,7): warning C4805: '==': 연산에 'float' 형식과 'bool' 형식을 함께 사용하는 것은 안전하지 않습니다.
E:\1.로컬_카타나제로\katana_zero_v1.0_sound\enemyClass.cpp(162,80): warning C4244: '인수': 'float'에서 'int'(으)로 변환하면서 데이터가 손실될 수 있습니다.
E:\1.로컬_카타나제로\katana_zero_v1.0_sound\enemyClass.cpp(162,46): warning C4244: '인수': 'float'에서 'int'(으)로 변환하면서 데이터가 손실될 수 있습니다.
E:\1.로컬_카타나제로\katana_zero_v1.0_sound\enemyClass.cpp(166,140): warning C4244: '인수': 'float'에서 'int'(으)로 변환하면서 데이터가 손실될 수 있습니다.
E:\1.로컬_카타나제로\katana_zero_v1.0_sound\enemyClass.cpp(166,85): warning C4244: '인수': 'float'에서 'int'(으)로 변환하면서 데이터가 손실될 수 있습니다.
E:\1.로컬_카타나제로\katana_zero_v1.0_sound\enemyClass.cpp(170,140): warning C4244: '인수': 'float'에서 'int'(으)로 변환하면서 데이터가 손실될 수 있습니다.
E:\1.로컬_카타나제로\katana_zero_v1.0_sound\enemyClass.cpp(170,85): warning C4244: '인수': 'float'에서 'int'(으)로 변환하면서 데이터가 손실될 수 있습니다.
E:\1.로컬_카타나제로\katana_zero_v1.0_sound\enemyClass.cpp(178,42): warning C4244: '=': 'LONG'에서 'float'(으)로 변환하면서 데이터가 손실될 수 있습니다.
E:\1.로컬_카타나제로\katana_zero_v1.0_sound\enemyClass.cpp(179,41): warning C4244: '=': 'LONG'에서 'float'(으)로 변환하면서 데이터가 손실될 수 있습니다.
E:\1.로컬_카타나제로\katana_zero_v1.0_sound\enemyClass.cpp(204,20): warning C4018: '<': signed 또는 unsigned가 일치하지 않습니다.
E:\1.로컬_카타나제로\katana_zero_v1.0_sound\enemyClass.cpp(211,82): warning C4244: '인수': 'float'에서 'int'(으)로 변환하면서 데이터가 손실될 수 있습니다.
E:\1.로컬_카타나제로\katana_zero_v1.0_sound\enemyClass.cpp(219,106): warning C4244: '인수': 'LONG'에서 'float'(으)로 변환하면서 데이터가 손실될 수 있습니다.
E:\1.로컬_카타나제로\katana_zero_v1.0_sound\enemyClass.cpp(219,77): warning C4244: '인수': 'LONG'에서 'float'(으)로 변환하면서 데이터가 손실될 수 있습니다.
E:\1.로컬_카타나제로\katana_zero_v1.0_sound\enemyClass.cpp(531,94): warning C4244: '인수': 'LONG'에서 'float'(으)로 변환하면서 데이터가 손실될 수 있습니다.
E:\1.로컬_카타나제로\katana_zero_v1.0_sound\enemyClass.cpp(531,71): warning C4244: '인수': 'LONG'에서 'float'(으)로 변환하면서 데이터가 손실될 수 있습니다.
E:\1.로컬_카타나제로\katana_zero_v1.0_sound\enemyClass.cpp(533,93): warning C4244: '인수': 'LONG'에서 'float'(으)로 변환하면서 데이터가 손실될 수 있습니다.
E:\1.로컬_카타나제로\katana_zero_v1.0_sound\enemyClass.cpp(533,71): warning C4244: '인수': 'LONG'에서 'float'(으)로 변환하면서 데이터가 손실될 수 있습니다.
E:\1.로컬_카타나제로\katana_zero_v1.0_sound\enemyClass.cpp(534,95): warning C4244: '인수': 'LONG'에서 'float'(으)로 변환하면서 데이터가 손실될 수 있습니다.
E:\1.로컬_카타나제로\katana_zero_v1.0_sound\enemyClass.cpp(534,72): warning C4244: '인수': 'LONG'에서 'float'(으)로 변환하면서 데이터가 손실될 수 있습니다.
E:\1.로컬_카타나제로\katana_zero_v1.0_sound\enemyClass.cpp(539,94): warning C4244: '인수': 'LONG'에서 'float'(으)로 변환하면서 데이터가 손실될 수 있습니다.
E:\1.로컬_카타나제로\katana_zero_v1.0_sound\enemyClass.cpp(539,71): warning C4244: '인수': 'LONG'에서 'float'(으)로 변환하면서 데이터가 손실될 수 있습니다.
E:\1.로컬_카타나제로\katana_zero_v1.0_sound\enemyClass.cpp(541,93): warning C4244: '인수': 'LONG'에서 'float'(으)로 변환하면서 데이터가 손실될 수 있습니다.
E:\1.로컬_카타나제로\katana_zero_v1.0_sound\enemyClass.cpp(541,70): warning C4244: '인수': 'LONG'에서 'float'(으)로 변환하면서 데이터가 손실될 수 있습니다.
E:\1.로컬_카타나제로\katana_zero_v1.0_sound\enemyClass.cpp(542,95): warning C4244: '인수': 'LONG'에서 'float'(으)로 변환하면서 데이터가 손실될 수 있습니다.
E:\1.로컬_카타나제로\katana_zero_v1.0_sound\enemyClass.cpp(542,72): warning C4244: '인수': 'LONG'에서 'float'(으)로 변환하면서 데이터가 손실될 수 있습니다.
E:\1.로컬_카타나제로\katana_zero_v1.0_sound\enemyClass.cpp(549,94): warning C4244: '인수': 'LONG'에서 'float'(으)로 변환하면서 데이터가 손실될 수 있습니다.
E:\1.로컬_카타나제로\katana_zero_v1.0_sound\enemyClass.cpp(549,71): warning C4244: '인수': 'LONG'에서 'float'(으)로 변환하면서 데이터가 손실될 수 있습니다.
E:\1.로컬_카타나제로\katana_zero_v1.0_sound\enemyClass.cpp(551,93): warning C4244: '인수': 'LONG'에서 'float'(으)로 변환하면서 데이터가 손실될 수 있습니다.
E:\1.로컬_카타나제로\katana_zero_v1.0_sound\enemyClass.cpp(551,71): warning C4244: '인수': 'LONG'에서 'float'(으)로 변환하면서 데이터가 손실될 수 있습니다.
E:\1.로컬_카타나제로\katana_zero_v1.0_sound\enemyClass.cpp(552,95): warning C4244: '인수': 'LONG'에서 'float'(으)로 변환하면서 데이터가 손실될 수 있습니다.
E:\1.로컬_카타나제로\katana_zero_v1.0_sound\enemyClass.cpp(552,72): warning C4244: '인수': 'LONG'에서 'float'(으)로 변환하면서 데이터가 손실될 수 있습니다.
E:\1.로컬_카타나제로\katana_zero_v1.0_sound\enemyClass.cpp(557,94): warning C4244: '인수': 'LONG'에서 'float'(으)로 변환하면서 데이터가 손실될 수 있습니다.
E:\1.로컬_카타나제로\katana_zero_v1.0_sound\enemyClass.cpp(557,71): warning C4244: '인수': 'LONG'에서 'float'(으)로 변환하면서 데이터가 손실될 수 있습니다.
E:\1.로컬_카타나제로\katana_zero_v1.0_sound\enemyClass.cpp(559,93): warning C4244: '인수': 'LONG'에서 'float'(으)로 변환하면서 데이터가 손실될 수 있습니다.
E:\1.로컬_카타나제로\katana_zero_v1.0_sound\enemyClass.cpp(559,70): warning C4244: '인수': 'LONG'에서 'float'(으)로 변환하면서 데이터가 손실될 수 있습니다.
E:\1.로컬_카타나제로\katana_zero_v1.0_sound\enemyClass.cpp(560,95): warning C4244: '인수': 'LONG'에서 'float'(으)로 변환하면서 데이터가 손실될 수 있습니다.
E:\1.로컬_카타나제로\katana_zero_v1.0_sound\enemyClass.cpp(560,72): warning C4244: '인수': 'LONG'에서 'float'(으)로 변환하면서 데이터가 손실될 수 있습니다.
E:\1.로컬_카타나제로\katana_zero_v1.0_sound\enemyClass.cpp(566,121): warning C4244: '인수': 'LONG'에서 'float'(으)로 변환하면서 데이터가 손실될 수 있습니다.
E:\1.로컬_카타나제로\katana_zero_v1.0_sound\enemyClass.cpp(566,98): warning C4244: '인수': 'LONG'에서 'float'(으)로 변환하면서 데이터가 손실될 수 있습니다.
E:\1.로컬_카타나제로\katana_zero_v1.0_sound\enemyClass.cpp(1111,45): warning C4244: '*=': 'float'에서 'int'(으)로 변환하면서 데이터가 손실될 수 있습니다.
E:\1.로컬_카타나제로\katana_zero_v1.0_sound\enemyClass.cpp(1146,45): warning C4244: '*=': 'float'에서 'int'(으)로 변환하면서 데이터가 손실될 수 있습니다.
E:\1.로컬_카타나제로\katana_zero_v1.0_sound\enemyClass.cpp(1191,45): warning C4244: '*=': 'float'에서 'int'(으)로 변환하면서 데이터가 손실될 수 있습니다.
E:\1.로컬_카타나제로\katana_zero_v1.0_sound\enemyClass.cpp(1225,45): warning C4244: '*=': 'float'에서 'int'(으)로 변환하면서 데이터가 손실될 수 있습니다.
E:\1.로컬_카타나제로\katana_zero_v1.0_sound\enemyClass.cpp(1259,45): warning C4244: '*=': 'float'에서 'int'(으)로 변환하면서 데이터가 손실될 수 있습니다.
E:\1.로컬_카타나제로\katana_zero_v1.0_sound\enemyClass.cpp(1298,46): warning C4244: '*=': 'float'에서 'int'(으)로 변환하면서 데이터가 손실될 수 있습니다.
E:\1.로컬_카타나제로\katana_zero_v1.0_sound\enemyClass.cpp(1340,45): warning C4244: '*=': 'float'에서 'int'(으)로 변환하면서 데이터가 손실될 수 있습니다.
E:\1.로컬_카타나제로\katana_zero_v1.0_sound\enemyClass.cpp(1375,45): warning C4244: '*=': 'float'에서 'int'(으)로 변환하면서 데이터가 손실될 수 있습니다.
E:\1.로컬_카타나제로\katana_zero_v1.0_sound\enemyClass.cpp(1420,45): warning C4244: '*=': 'float'에서 'int'(으)로 변환하면서 데이터가 손실될 수 있습니다.
E:\1.로컬_카타나제로\katana_zero_v1.0_sound\enemyClass.cpp(1454,45): warning C4244: '*=': 'float'에서 'int'(으)로 변환하면서 데이터가 손실될 수 있습니다.
E:\1.로컬_카타나제로\katana_zero_v1.0_sound\enemyClass.cpp(1488,45): warning C4244: '*=': 'float'에서 'int'(으)로 변환하면서 데이터가 손실될 수 있습니다.
E:\1.로컬_카타나제로\katana_zero_v1.0_sound\enemyClass.cpp(1524,45): warning C4244: '*=': 'float'에서 'int'(으)로 변환하면서 데이터가 손실될 수 있습니다.
E:\1.로컬_카타나제로\katana_zero_v1.0_sound\enemyClass.cpp(1569,45): warning C4244: '*=': 'float'에서 'int'(으)로 변환하면서 데이터가 손실될 수 있습니다.
E:\1.로컬_카타나제로\katana_zero_v1.0_sound\enemyClass.cpp(1603,45): warning C4244: '*=': 'float'에서 'int'(으)로 변환하면서 데이터가 손실될 수 있습니다.
E:\1.로컬_카타나제로\katana_zero_v1.0_sound\enemyClass.cpp(1647,45): warning C4244: '*=': 'float'에서 'int'(으)로 변환하면서 데이터가 손실될 수 있습니다.
E:\1.로컬_카타나제로\katana_zero_v1.0_sound\enemyClass.cpp(1681,45): warning C4244: '*=': 'float'에서 'int'(으)로 변환하면서 데이터가 손실될 수 있습니다.
E:\1.로컬_카타나제로\katana_zero_v1.0_sound\enemyClass.cpp(1715,45): warning C4244: '*=': 'float'에서 'int'(으)로 변환하면서 데이터가 손실될 수 있습니다.
E:\1.로컬_카타나제로\katana_zero_v1.0_sound\enemyClass.cpp(1753,46): warning C4244: '*=': 'float'에서 'int'(으)로 변환하면서 데이터가 손실될 수 있습니다.
E:\1.로컬_카타나제로\katana_zero_v1.0_sound\enemyClass.cpp(1795,45): warning C4244: '*=': 'float'에서 'int'(으)로 변환하면서 데이터가 손실될 수 있습니다.
E:\1.로컬_카타나제로\katana_zero_v1.0_sound\enemyClass.cpp(1829,45): warning C4244: '*=': 'float'에서 'int'(으)로 변환하면서 데이터가 손실될 수 있습니다.
E:\1.로컬_카타나제로\katana_zero_v1.0_sound\enemyClass.cpp(1873,45): warning C4244: '*=': 'float'에서 'int'(으)로 변환하면서 데이터가 손실될 수 있습니다.
E:\1.로컬_카타나제로\katana_zero_v1.0_sound\enemyClass.cpp(1907,45): warning C4244: '*=': 'float'에서 'int'(으)로 변환하면서 데이터가 손실될 수 있습니다.
E:\1.로컬_카타나제로\katana_zero_v1.0_sound\enemyClass.cpp(1941,45): warning C4244: '*=': 'float'에서 'int'(으)로 변환하면서 데이터가 손실될 수 있습니다.
E:\1.로컬_카타나제로\katana_zero_v1.0_sound\enemyClass.cpp(1978,45): warning C4244: '*=': 'float'에서 'int'(으)로 변환하면서 데이터가 손실될 수 있습니다.
E:\1.로컬_카타나제로\katana_zero_v1.0_sound\enemyClass.cpp(2028,45): warning C4244: '*=': 'float'에서 'int'(으)로 변환하면서 데이터가 손실될 수 있습니다.
E:\1.로컬_카타나제로\katana_zero_v1.0_sound\enemyClass.cpp(2054,46): warning C4244: '*=': 'float'에서 'int'(으)로 변환하면서 데이터가 손실될 수 있습니다.
E:\1.로컬_카타나제로\katana_zero_v1.0_sound\enemyClass.cpp(2100,49): warning C4244: '*=': 'float'에서 'int'(으)로 변환하면서 데이터가 손실될 수 있습니다.
E:\1.로컬_카타나제로\katana_zero_v1.0_sound\enemyClass.cpp(2111,49): warning C4244: '*=': 'float'에서 'int'(으)로 변환하면서 데이터가 손실될 수 있습니다.
E:\1.로컬_카타나제로\katana_zero_v1.0_sound\enemyClass.cpp(2179,110): warning C4244: '인수': 'float'에서 'int'(으)로 변환하면서 데이터가 손실될 수 있습니다.
E:\1.로컬_카타나제로\katana_zero_v1.0_sound\enemyClass.cpp(2179,66): warning C4244: '인수': 'float'에서 'int'(으)로 변환하면서 데이터가 손실될 수 있습니다.
E:\1.로컬_카타나제로\katana_zero_v1.0_sound\enemyClass.cpp(2240,106): warning C4244: '인수': 'float'에서 'int'(으)로 변환하면서 데이터가 손실될 수 있습니다.
E:\1.로컬_카타나제로\katana_zero_v1.0_sound\enemyClass.cpp(2240,83): warning C4244: '인수': 'float'에서 'int'(으)로 변환하면서 데이터가 손실될 수 있습니다.
E:\1.로컬_카타나제로\katana_zero_v1.0_sound\enemyClass.cpp(2363,13): warning C4244: '초기화 중': 'float'에서 'int'(으)로 변환하면서 데이터가 손실될 수 있습니다.
E:\1.로컬_카타나제로\katana_zero_v1.0_sound\enemyClass.cpp(2365,72): warning C4244: '인수': 'float'에서 'int'(으)로 변환하면서 데이터가 손실될 수 있습니다.
E:\1.로컬_카타나제로\katana_zero_v1.0_sound\enemyClass.cpp(2386,13): warning C4244: '초기화 중': 'float'에서 'int'(으)로 변환하면서 데이터가 손실될 수 있습니다.
E:\1.로컬_카타나제로\katana_zero_v1.0_sound\enemyClass.cpp(2388,72): warning C4244: '인수': 'float'에서 'int'(으)로 변환하면서 데이터가 손실될 수 있습니다.
E:\1.로컬_카타나제로\katana_zero_v1.0_sound\enemyClass.cpp(2396,29): warning C4553: '==': 식의 결과가 사용되지 않습니다. '='을(를) 의도했습니까?
E:\1.로컬_카타나제로\katana_zero_v1.0_sound\enemyClass.cpp(2401,29): warning C4553: '==': 식의 결과가 사용되지 않습니다. '='을(를) 의도했습니까?
E:\1.로컬_카타나제로\katana_zero_v1.0_sound\enemyClass.cpp(2409,13): warning C4244: '초기화 중': 'float'에서 'int'(으)로 변환하면서 데이터가 손실될 수 있습니다.
E:\1.로컬_카타나제로\katana_zero_v1.0_sound\enemyClass.cpp(2411,75): warning C4244: '인수': 'float'에서 'int'(으)로 변환하면서 데이터가 손실될 수 있습니다.
E:\1.로컬_카타나제로\katana_zero_v1.0_sound\enemyClass.cpp(2432,13): warning C4244: '초기화 중': 'float'에서 'int'(으)로 변환하면서 데이터가 손실될 수 있습니다.
E:\1.로컬_카타나제로\katana_zero_v1.0_sound\enemyClass.cpp(2434,72): warning C4244: '인수': 'float'에서 'int'(으)로 변환하면서 데이터가 손실될 수 있습니다.
E:\1.로컬_카타나제로\katana_zero_v1.0_sound\enemyClass.cpp(2442,20): warning C4244: '=': 'int'에서 'float'(으)로 변환하면서 데이터가 손실될 수 있습니다.
  gameNode.cpp
  image.cpp
E:\1.로컬_카타나제로\katana_zero_v1.0_sound\image.cpp(61,106): error C2664: 'HANDLE LoadImageW(HINSTANCE,LPCWSTR,UINT,int,int,UINT)': 인수 2을(를) 'const char *'에서 'LPCWSTR'(으)로 변환할 수 없습니다.
E:\1.로컬_카타나제로\katana_zero_v1.0_sound\image.cpp(61,52): message : 가리킨 형식이 관련이 없습니다. 변환하려면 reinterpret_cast, C 스타일 캐스트 또는 함수 스타일 캐스트가 필요합니다.
C:\Program Files (x86)\Windows Kits\10\Include\10.0.18362.0\um\winuser.h(10815,1): message : 'LoadImageW' 선언을 참조하십시오.
E:\1.로컬_카타나제로\katana_zero_v1.0_sound\image.cpp(69,2): error C4996: 'strcpy': This function or variable may be unsafe. Consider using strcpy_s instead. To disable deprecation, use _CRT_SECURE_NO_WARNINGS. See online help for details.
C:\Program Files (x86)\Windows Kits\10\Include\10.0.18362.0\ucrt\string.h(133): message : 'strcpy' 선언을 참조하십시오.
E:\1.로컬_카타나제로\katana_zero_v1.0_sound\image.cpp(100,106): error C2664: 'HANDLE LoadImageW(HINSTANCE,LPCWSTR,UINT,int,int,UINT)': 인수 2을(를) 'const char *'에서 'LPCWSTR'(으)로 변환할 수 없습니다.
E:\1.로컬_카타나제로\katana_zero_v1.0_sound\image.cpp(100,52): message : 가리킨 형식이 관련이 없습니다. 변환하려면 reinterpret_cast, C 스타일 캐스트 또는 함수 스타일 캐스트가 필요합니다.
C:\Program Files (x86)\Windows Kits\10\Include\10.0.18362.0\um\winuser.h(10815,1): message : 'LoadImageW' 선언을 참조하십시오.
E:\1.로컬_카타나제로\katana_zero_v1.0_sound\image.cpp(110,2): error C4996: 'strcpy': This function or variable may be unsafe. Consider using strcpy_s instead. To disable deprecation, use _CRT_SECURE_NO_WARNINGS. See online help for details.
C:\Program Files (x86)\Windows Kits\10\Include\10.0.18362.0\ucrt\string.h(133): message : 'strcpy' 선언을 참조하십시오.
E:\1.로컬_카타나제로\katana_zero_v1.0_sound\image.cpp(141,106): error C2664: 'HANDLE LoadImageW(HINSTANCE,LPCWSTR,UINT,int,int,UINT)': 인수 2을(를) 'const char *'에서 'LPCWSTR'(으)로 변환할 수 없습니다.
E:\1.로컬_카타나제로\katana_zero_v1.0_sound\image.cpp(141,52): message : 가리킨 형식이 관련이 없습니다. 변환하려면 reinterpret_cast, C 스타일 캐스트 또는 함수 스타일 캐스트가 필요합니다.
C:\Program Files (x86)\Windows Kits\10\Include\10.0.18362.0\um\winuser.h(10815,1): message : 'LoadImageW' 선언을 참조하십시오.
E:\1.로컬_카타나제로\katana_zero_v1.0_sound\image.cpp(155,2): error C4996: 'strcpy': This function or variable may be unsafe. Consider using strcpy_s instead. To disable deprecation, use _CRT_SECURE_NO_WARNINGS. See online help for details.
C:\Program Files (x86)\Windows Kits\10\Include\10.0.18362.0\ucrt\string.h(133): message : 'strcpy' 선언을 참조하십시오.
E:\1.로컬_카타나제로\katana_zero_v1.0_sound\image.cpp(186,106): error C2664: 'HANDLE LoadImageW(HINSTANCE,LPCWSTR,UINT,int,int,UINT)': 인수 2을(를) 'const char *'에서 'LPCWSTR'(으)로 변환할 수 없습니다.
E:\1.로컬_카타나제로\katana_zero_v1.0_sound\image.cpp(186,52): message : 가리킨 형식이 관련이 없습니다. 변환하려면 reinterpret_cast, C 스타일 캐스트 또는 함수 스타일 캐스트가 필요합니다.
C:\Program Files (x86)\Windows Kits\10\Include\10.0.18362.0\um\winuser.h(10815,1): message : 'LoadImageW' 선언을 참조하십시오.
E:\1.로컬_카타나제로\katana_zero_v1.0_sound\image.cpp(202,2): error C4996: 'strcpy': This function or variable may be unsafe. Consider using strcpy_s instead. To disable deprecation, use _CRT_SECURE_NO_WARNINGS. See online help for details.
C:\Program Files (x86)\Windows Kits\10\Include\10.0.18362.0\ucrt\string.h(133): message : 'strcpy' 선언을 참조하십시오.
E:\1.로컬_카타나제로\katana_zero_v1.0_sound\image.cpp(764,41): warning C4244: '=': 'float'에서 'int'(으)로 변환하면서 데이터가 손실될 수 있습니다.
E:\1.로컬_카타나제로\katana_zero_v1.0_sound\image.cpp(765,43): warning C4244: '=': 'float'에서 'int'(으)로 변환하면서 데이터가 손실될 수 있습니다.
E:\1.로컬_카타나제로\katana_zero_v1.0_sound\image.cpp(802,41): warning C4244: '=': 'float'에서 'int'(으)로 변환하면서 데이터가 손실될 수 있습니다.
E:\1.로컬_카타나제로\katana_zero_v1.0_sound\image.cpp(803,43): warning C4244: '=': 'float'에서 'int'(으)로 변환하면서 데이터가 손실될 수 있습니다.
E:\1.로컬_카타나제로\katana_zero_v1.0_sound\image.cpp(850,11): warning C4244: '초기화 중': 'double'에서 'int'(으)로 변환하면서 데이터가 손실될 수 있습니다.
E:\1.로컬_카타나제로\katana_zero_v1.0_sound\image.cpp(858,42): warning C4244: '=': 'float'에서 'LONG'(으)로 변환하면서 데이터가 손실될 수 있습니다.
E:\1.로컬_카타나제로\katana_zero_v1.0_sound\image.cpp(859,43): warning C4244: '=': 'float'에서 'LONG'(으)로 변환하면서 데이터가 손실될 수 있습니다.
E:\1.로컬_카타나제로\katana_zero_v1.0_sound\image.cpp(878,10): warning C4244: '인수': 'float'에서 'int'(으)로 변환하면서 데이터가 손실될 수 있습니다.
E:\1.로컬_카타나제로\katana_zero_v1.0_sound\image.cpp(877,10): warning C4244: '인수': 'float'에서 'int'(으)로 변환하면서 데이터가 손실될 수 있습니다.
E:\1.로컬_카타나제로\katana_zero_v1.0_sound\image.cpp(907,87): warning C4244: '인수': 'float'에서 'int'(으)로 변환하면서 데이터가 손실될 수 있습니다.
E:\1.로컬_카타나제로\katana_zero_v1.0_sound\image.cpp(907,80): warning C4244: '인수': 'float'에서 'int'(으)로 변환하면서 데이터가 손실될 수 있습니다.
E:\1.로컬_카타나제로\katana_zero_v1.0_sound\image.cpp(910,11): warning C4244: '초기화 중': 'double'에서 'int'(으)로 변환하면서 데이터가 손실될 수 있습니다.
E:\1.로컬_카타나제로\katana_zero_v1.0_sound\image.cpp(918,42): warning C4244: '=': 'float'에서 'LONG'(으)로 변환하면서 데이터가 손실될 수 있습니다.
E:\1.로컬_카타나제로\katana_zero_v1.0_sound\image.cpp(919,43): warning C4244: '=': 'float'에서 'LONG'(으)로 변환하면서 데이터가 손실될 수 있습니다.
E:\1.로컬_카타나제로\katana_zero_v1.0_sound\image.cpp(938,10): warning C4244: '인수': 'float'에서 'int'(으)로 변환하면서 데이터가 손실될 수 있습니다.
E:\1.로컬_카타나제로\katana_zero_v1.0_sound\image.cpp(937,10): warning C4244: '인수': 'float'에서 'int'(으)로 변환하면서 데이터가 손실될 수 있습니다.
E:\1.로컬_카타나제로\katana_zero_v1.0_sound\image.cpp(948,29): warning C4244: '인수': 'float'에서 'int'(으)로 변환하면서 데이터가 손실될 수 있습니다.
E:\1.로컬_카타나제로\katana_zero_v1.0_sound\image.cpp(948,22): warning C4244: '인수': 'float'에서 'int'(으)로 변환하면서 데이터가 손실될 수 있습니다.
E:\1.로컬_카타나제로\katana_zero_v1.0_sound\image.cpp(967,11): warning C4244: '초기화 중': 'double'에서 'int'(으)로 변환하면서 데이터가 손실될 수 있습니다.
E:\1.로컬_카타나제로\katana_zero_v1.0_sound\image.cpp(975,42): warning C4244: '=': 'float'에서 'LONG'(으)로 변환하면서 데이터가 손실될 수 있습니다.
E:\1.로컬_카타나제로\katana_zero_v1.0_sound\image.cpp(976,43): warning C4244: '=': 'float'에서 'LONG'(으)로 변환하면서 데이터가 손실될 수 있습니다.
E:\1.로컬_카타나제로\katana_zero_v1.0_sound\image.cpp(999,10): warning C4244: '인수': 'float'에서 'int'(으)로 변환하면서 데이터가 손실될 수 있습니다.
E:\1.로컬_카타나제로\katana_zero_v1.0_sound\image.cpp(998,10): warning C4244: '인수': 'float'에서 'int'(으)로 변환하면서 데이터가 손실될 수 있습니다.
  imageManager.cpp
  iniData.cpp
E:\1.로컬_카타나제로\katana_zero_v1.0_sound\iniData.cpp(33,30): error C2664: 'DWORD GetCurrentDirectoryW(DWORD,LPWSTR)': 인수 2을(를) 'char [256]'에서 'LPWSTR'(으)로 변환할 수 없습니다.
E:\1.로컬_카타나제로\katana_zero_v1.0_sound\iniData.cpp(33,27): message : 가리킨 형식이 관련이 없습니다. 변환하려면 reinterpret_cast, C 스타일 캐스트 또는 함수 스타일 캐스트가 필요합니다.
C:\Program Files (x86)\Windows Kits\10\Include\10.0.18362.0\um\processenv.h(254,1): message : 'GetCurrentDirectoryW' 선언을 참조하십시오.
E:\1.로컬_카타나제로\katana_zero_v1.0_sound\iniData.cpp(35,2): error C4996: 'strcat': This function or variable may be unsafe. Consider using strcat_s instead. To disable deprecation, use _CRT_SECURE_NO_WARNINGS. See online help for details.
C:\Program Files (x86)\Windows Kits\10\Include\10.0.18362.0\ucrt\string.h(90): message : 'strcat' 선언을 참조하십시오.
E:\1.로컬_카타나제로\katana_zero_v1.0_sound\iniData.cpp(39,20): warning C4018: '<': signed 또는 unsigned가 일치하지 않습니다.
E:\1.로컬_카타나제로\katana_zero_v1.0_sound\iniData.cpp(41,92): error C2664: 'BOOL WritePrivateProfileStringW(LPCWSTR,LPCWSTR,LPCWSTR,LPCWSTR)': 인수 1을(를) 'char *'에서 'LPCWSTR'(으)로 변환할 수 없습니다.
E:\1.로컬_카타나제로\katana_zero_v1.0_sound\iniData.cpp(41,41): message : 가리킨 형식이 관련이 없습니다. 변환하려면 reinterpret_cast, C 스타일 캐스트 또는 함수 스타일 캐스트가 필요합니다.
C:\Program Files (x86)\Windows Kits\10\Include\10.0.18362.0\um\winbase.h(4528,1): message : 'WritePrivateProfileStringW' 선언을 참조하십시오.
E:\1.로컬_카타나제로\katana_zero_v1.0_sound\iniData.cpp(32,1): error C4996: 'sprintf': This function or variable may be unsafe. Consider using sprintf_s instead. To disable deprecation, use _CRT_SECURE_NO_WARNINGS. See online help for details.
C:\Program Files (x86)\Windows Kits\10\Include\10.0.18362.0\ucrt\stdio.h(1774): message : 'sprintf' 선언을 참조하십시오.
E:\1.로컬_카타나제로\katana_zero_v1.0_sound\iniData.cpp(53,30): error C2664: 'DWORD GetCurrentDirectoryW(DWORD,LPWSTR)': 인수 2을(를) 'char [256]'에서 'LPWSTR'(으)로 변환할 수 없습니다.
E:\1.로컬_카타나제로\katana_zero_v1.0_sound\iniData.cpp(53,27): message : 가리킨 형식이 관련이 없습니다. 변환하려면 reinterpret_cast, C 스타일 캐스트 또는 함수 스타일 캐스트가 필요합니다.
C:\Program Files (x86)\Windows Kits\10\Include\10.0.18362.0\um\processenv.h(254,1): message : 'GetCurrentDirectoryW' 선언을 참조하십시오.
E:\1.로컬_카타나제로\katana_zero_v1.0_sound\iniData.cpp(54,2): error C4996: 'strcat': This function or variable may be unsafe. Consider using strcat_s instead. To disable deprecation, use _CRT_SECURE_NO_WARNINGS. See online help for details.
C:\Program Files (x86)\Windows Kits\10\Include\10.0.18362.0\ucrt\string.h(90): message : 'strcat' 선언을 참조하십시오.
E:\1.로컬_카타나제로\katana_zero_v1.0_sound\iniData.cpp(58,57): error C2664: 'DWORD GetPrivateProfileStringW(LPCWSTR,LPCWSTR,LPCWSTR,LPWSTR,DWORD,LPCWSTR)': 인수 1을(를) 'const char *'에서 'LPCWSTR'(으)로 변환할 수 없습니다.
E:\1.로컬_카타나제로\katana_zero_v1.0_sound\iniData.cpp(58,26): message : 가리킨 형식이 관련이 없습니다. 변환하려면 reinterpret_cast, C 스타일 캐스트 또는 함수 스타일 캐스트가 필요합니다.
C:\Program Files (x86)\Windows Kits\10\Include\10.0.18362.0\um\winbase.h(4474,1): message : 'GetPrivateProfileStringW' 선언을 참조하십시오.
E:\1.로컬_카타나제로\katana_zero_v1.0_sound\iniData.cpp(52,1): error C4996: 'sprintf': This function or variable may be unsafe. Consider using sprintf_s instead. To disable deprecation, use _CRT_SECURE_NO_WARNINGS. See online help for details.
C:\Program Files (x86)\Windows Kits\10\Include\10.0.18362.0\ucrt\stdio.h(1774): message : 'sprintf' 선언을 참조하십시오.
E:\1.로컬_카타나제로\katana_zero_v1.0_sound\iniData.cpp(71,30): error C2664: 'DWORD GetCurrentDirectoryW(DWORD,LPWSTR)': 인수 2을(를) 'char [256]'에서 'LPWSTR'(으)로 변환할 수 없습니다.
E:\1.로컬_카타나제로\katana_zero_v1.0_sound\iniData.cpp(71,27): message : 가리킨 형식이 관련이 없습니다. 변환하려면 reinterpret_cast, C 스타일 캐스트 또는 함수 스타일 캐스트가 필요합니다.
C:\Program Files (x86)\Windows Kits\10\Include\10.0.18362.0\um\processenv.h(254,1): message : 'GetCurrentDirectoryW' 선언을 참조하십시오.
E:\1.로컬_카타나제로\katana_zero_v1.0_sound\iniData.cpp(72,2): error C4996: 'strcat': This function or variable may be unsafe. Consider using strcat_s instead. To disable deprecation, use _CRT_SECURE_NO_WARNINGS. See online help for details.
C:\Program Files (x86)\Windows Kits\10\Include\10.0.18362.0\ucrt\string.h(90): message : 'strcat' 선언을 참조하십시오.
E:\1.로컬_카타나제로\katana_zero_v1.0_sound\iniData.cpp(74,50): error C2664: 'UINT GetPrivateProfileIntW(LPCWSTR,LPCWSTR,INT,LPCWSTR)': 인수 1을(를) 'const char *'에서 'LPCWSTR'(으)로 변환할 수 없습니다.
E:\1.로컬_카타나제로\katana_zero_v1.0_sound\iniData.cpp(74,30): message : 가리킨 형식이 관련이 없습니다. 변환하려면 reinterpret_cast, C 스타일 캐스트 또는 함수 스타일 캐스트가 필요합니다.
C:\Program Files (x86)\Windows Kits\10\Include\10.0.18362.0\um\winbase.h(4424,1): message : 'GetPrivateProfileIntW' 선언을 참조하십시오.
E:\1.로컬_카타나제로\katana_zero_v1.0_sound\iniData.cpp(70,1): error C4996: 'sprintf': This function or variable may be unsafe. Consider using sprintf_s instead. To disable deprecation, use _CRT_SECURE_NO_WARNINGS. See online help for details.
C:\Program Files (x86)\Windows Kits\10\Include\10.0.18362.0\ucrt\stdio.h(1774): message : 'sprintf' 선언을 참조하십시오.
E:\1.로컬_카타나제로\katana_zero_v1.0_sound\iniData.cpp(80,15): warning C4244: 'return': 'double'에서 'float'(으)로 변환하면서 데이터가 손실될 수 있습니다.
  input.cpp
  itemClass.cpp
E:\1.로컬_카타나제로\katana_zero_v1.0_sound\itemClass.cpp(20,21): warning C4018: '<': signed 또는 unsigned가 일치하지 않습니다.
E:\1.로컬_카타나제로\katana_zero_v1.0_sound\itemClass.cpp(46,71): warning C4244: '인수': 'float'에서 'int'(으)로 변환하면서 데이터가 손실될 수 있습니다.
E:\1.로컬_카타나제로\katana_zero_v1.0_sound\itemClass.cpp(46,38): warning C4244: '인수': 'float'에서 'int'(으)로 변환하면서 데이터가 손실될 수 있습니다.
E:\1.로컬_카타나제로\katana_zero_v1.0_sound\itemClass.cpp(58,21): warning C4018: '<': signed 또는 unsigned가 일치하지 않습니다.
E:\1.로컬_카타나제로\katana_zero_v1.0_sound\itemClass.cpp(86,73): warning C4244: '인수': 'LONG'에서 'float'(으)로 변환하면서 데이터가 손실될 수 있습니다.
E:\1.로컬_카타나제로\katana_zero_v1.0_sound\itemClass.cpp(86,55): warning C4244: '인수': 'LONG'에서 'float'(으)로 변환하면서 데이터가 손실될 수 있습니다.
E:\1.로컬_카타나제로\katana_zero_v1.0_sound\itemClass.cpp(113,104): warning C4244: '인수': 'float'에서 'BYTE'(으)로 변환하면서 데이터가 손실될 수 있습니다.
E:\1.로컬_카타나제로\katana_zero_v1.0_sound\itemClass.cpp(116,106): warning C4244: '인수': 'float'에서 'BYTE'(으)로 변환하면서 데이터가 손실될 수 있습니다.
E:\1.로컬_카타나제로\katana_zero_v1.0_sound\itemClass.cpp(119,105): warning C4244: '인수': 'float'에서 'BYTE'(으)로 변환하면서 데이터가 손실될 수 있습니다.
E:\1.로컬_카타나제로\katana_zero_v1.0_sound\itemClass.cpp(122,104): warning C4244: '인수': 'float'에서 'BYTE'(으)로 변환하면서 데이터가 손실될 수 있습니다.
E:\1.로컬_카타나제로\katana_zero_v1.0_sound\itemClass.cpp(191,53): warning C4244: '+=': 'double'에서 'float'(으)로 변환하면서 데이터가 손실될 수 있습니다.
  loading.cpp
E:\1.로컬_카타나제로\katana_zero_v1.0_sound\loading.cpp(42,21): warning C4244: '=': 'float'에서 'int'(으)로 변환하면서 데이터가 손실될 수 있습니다.
E:\1.로컬_카타나제로\katana_zero_v1.0_sound\loading.cpp(43,21): warning C4244: '=': 'float'에서 'int'(으)로 변환하면서 데이터가 손실될 수 있습니다.
E:\1.로컬_카타나제로\katana_zero_v1.0_sound\loading.cpp(78,21): warning C4244: '=': 'float'에서 'int'(으)로 변환하면서 데이터가 손실될 수 있습니다.
E:\1.로컬_카타나제로\katana_zero_v1.0_sound\loading.cpp(79,21): warning C4244: '=': 'float'에서 'int'(으)로 변환하면서 데이터가 손실될 수 있습니다.
E:\1.로컬_카타나제로\katana_zero_v1.0_sound\loading.cpp(194,20): warning C4018: '>=': signed 또는 unsigned가 일치하지 않습니다.
E:\1.로컬_카타나제로\katana_zero_v1.0_sound\loading.cpp(219,63): warning C4244: '인수': 'int'에서 'float'(으)로 변환하면서 데이터가 손실될 수 있습니다.
E:\1.로컬_카타나제로\katana_zero_v1.0_sound\loading.cpp(219,56): warning C4244: '인수': 'int'에서 'float'(으)로 변환하면서 데이터가 손실될 수 있습니다.
E:\1.로컬_카타나제로\katana_zero_v1.0_sound\loading.cpp(233,68): warning C4244: '인수': 'int'에서 'float'(으)로 변환하면서 데이터가 손실될 수 있습니다.
E:\1.로컬_카타나제로\katana_zero_v1.0_sound\loading.cpp(233,61): warning C4244: '인수': 'int'에서 'float'(으)로 변환하면서 데이터가 손실될 수 있습니다.
E:\1.로컬_카타나제로\katana_zero_v1.0_sound\loading.cpp(250,43): warning C4244: '인수': 'int'에서 'float'(으)로 변환하면서 데이터가 손실될 수 있습니다.
E:\1.로컬_카타나제로\katana_zero_v1.0_sound\loading.cpp(250,39): warning C4244: '인수': 'unsigned int'에서 'float'(으)로 변환하면서 데이터가 손실될 수 있습니다.
  loadingScene.cpp
  mainGame.cpp
E:\1.로컬_카타나제로\katana_zero_v1.0_sound\playerClass.h(131,18): warning C4244: '=': 'float'에서 'int'(으)로 변환하면서 데이터가 손실될 수 있습니다.
E:\1.로컬_카타나제로\katana_zero_v1.0_sound\playerClass.h(132,19): warning C4244: '=': 'float'에서 'int'(으)로 변환하면서 데이터가 손실될 수 있습니다.
E:\1.로컬_카타나제로\katana_zero_v1.0_sound\enemyClass.h(386,70): warning C4244: '=': 'int'에서 'float'(으)로 변환하면서 데이터가 손실될 수 있습니다.
E:\1.로컬_카타나제로\katana_zero_v1.0_sound\bossClass.h(82,14): warning C4244: '초기화 중': 'float'에서 'int'(으)로 변환하면서 데이터가 손실될 수 있습니다.
E:\1.로컬_카타나제로\katana_zero_v1.0_sound\bossClass.h(84,68): warning C4244: '인수': 'float'에서 'int'(으)로 변환하면서 데이터가 손실될 수 있습니다.
E:\1.로컬_카타나제로\katana_zero_v1.0_sound\bossClass.h(92,16): warning C4244: '=': 'int'에서 'float'(으)로 변환하면서 데이터가 손실될 수 있습니다.
  allData.cpp
  objectClass.cpp
E:\1.로컬_카타나제로\katana_zero_v1.0_sound\objectClass.cpp(18,20): warning C4018: '<': signed 또는 unsigned가 일치하지 않습니다.
E:\1.로컬_카타나제로\katana_zero_v1.0_sound\objectClass.cpp(20,76): warning C4244: '인수': 'float'에서 'int'(으)로 변환하면서 데이터가 손실될 수 있습니다.
E:\1.로컬_카타나제로\katana_zero_v1.0_sound\objectClass.cpp(20,41): warning C4244: '인수': 'float'에서 'int'(으)로 변환하면서 데이터가 손실될 수 있습니다.
E:\1.로컬_카타나제로\katana_zero_v1.0_sound\objectClass.cpp(21,119): warning C4244: '인수': 'float'에서 'int'(으)로 변환하면서 데이터가 손실될 수 있습니다.
E:\1.로컬_카타나제로\katana_zero_v1.0_sound\objectClass.cpp(21,84): warning C4244: '인수': 'float'에서 'int'(으)로 변환하면서 데이터가 손실될 수 있습니다.
E:\1.로컬_카타나제로\katana_zero_v1.0_sound\objectClass.cpp(29,20): warning C4018: '<': signed 또는 unsigned가 일치하지 않습니다.
E:\1.로컬_카타나제로\katana_zero_v1.0_sound\objectClass.cpp(121,47): warning C4244: '*=': 'float'에서 'int'(으)로 변환하면서 데이터가 손실될 수 있습니다.
  playerClass.cpp
E:\1.로컬_카타나제로\katana_zero_v1.0_sound\playerClass.h(131,18): warning C4244: '=': 'float'에서 'int'(으)로 변환하면서 데이터가 손실될 수 있습니다.
E:\1.로컬_카타나제로\katana_zero_v1.0_sound\playerClass.h(132,19): warning C4244: '=': 'float'에서 'int'(으)로 변환하면서 데이터가 손실될 수 있습니다.
E:\1.로컬_카타나제로\katana_zero_v1.0_sound\playerClass.cpp(8,32): warning C4244: '=': 'LONG'에서 'float'(으)로 변환하면서 데이터가 손실될 수 있습니다.
E:\1.로컬_카타나제로\katana_zero_v1.0_sound\playerClass.cpp(9,32): warning C4244: '=': 'LONG'에서 'float'(으)로 변환하면서 데이터가 손실될 수 있습니다.
E:\1.로컬_카타나제로\katana_zero_v1.0_sound\playerClass.cpp(220,70): warning C4244: '인수': 'float'에서 'int'(으)로 변환하면서 데이터가 손실될 수 있습니다.
E:\1.로컬_카타나제로\katana_zero_v1.0_sound\playerClass.cpp(220,39): warning C4244: '인수': 'float'에서 'int'(으)로 변환하면서 데이터가 손실될 수 있습니다.
E:\1.로컬_카타나제로\katana_zero_v1.0_sound\playerClass.cpp(221,70): warning C4244: '인수': 'float'에서 'int'(으)로 변환하면서 데이터가 손실될 수 있습니다.
E:\1.로컬_카타나제로\katana_zero_v1.0_sound\playerClass.cpp(221,39): warning C4244: '인수': 'float'에서 'int'(으)로 변환하면서 데이터가 손실될 수 있습니다.
E:\1.로컬_카타나제로\katana_zero_v1.0_sound\playerClass.cpp(225,100): warning C4244: '인수': 'float'에서 'int'(으)로 변환하면서 데이터가 손실될 수 있습니다.
E:\1.로컬_카타나제로\katana_zero_v1.0_sound\playerClass.cpp(225,69): warning C4244: '인수': 'float'에서 'int'(으)로 변환하면서 데이터가 손실될 수 있습니다.
E:\1.로컬_카타나제로\katana_zero_v1.0_sound\playerClass.cpp(229,100): warning C4244: '인수': 'float'에서 'int'(으)로 변환하면서 데이터가 손실될 수 있습니다.
E:\1.로컬_카타나제로\katana_zero_v1.0_sound\playerClass.cpp(229,69): warning C4244: '인수': 'float'에서 'int'(으)로 변환하면서 데이터가 손실될 수 있습니다.
E:\1.로컬_카타나제로\katana_zero_v1.0_sound\playerClass.cpp(232,35): warning C4244: '=': 'LONG'에서 'float'(으)로 변환하면서 데이터가 손실될 수 있습니다.
E:\1.로컬_카타나제로\katana_zero_v1.0_sound\playerClass.cpp(233,34): warning C4244: '=': 'LONG'에서 'float'(으)로 변환하면서 데이터가 손실될 수 있습니다.
E:\1.로컬_카타나제로\katana_zero_v1.0_sound\playerClass.cpp(251,56): warning C4244: '=': 'LONG'에서 'float'(으)로 변환하면서 데이터가 손실될 수 있습니다.
E:\1.로컬_카타나제로\katana_zero_v1.0_sound\playerClass.cpp(254,116): warning C4244: '인수': 'LONG'에서 'float'(으)로 변환하면서 데이터가 손실될 수 있습니다.
E:\1.로컬_카타나제로\katana_zero_v1.0_sound\playerClass.cpp(254,104): warning C4244: '인수': 'LONG'에서 'float'(으)로 변환하면서 데이터가 손실될 수 있습니다.
E:\1.로컬_카타나제로\katana_zero_v1.0_sound\playerClass.cpp(688,46): warning C4244: '인수': 'float'에서 'int'(으)로 변환하면서 데이터가 손실될 수 있습니다.
E:\1.로컬_카타나제로\katana_zero_v1.0_sound\playerClass.cpp(691,45): warning C4244: '인수': 'float'에서 'int'(으)로 변환하면서 데이터가 손실될 수 있습니다.
E:\1.로컬_카타나제로\katana_zero_v1.0_sound\playerClass.cpp(696,47): warning C4244: '인수': 'float'에서 'int'(으)로 변환하면서 데이터가 손실될 수 있습니다.
E:\1.로컬_카타나제로\katana_zero_v1.0_sound\playerClass.cpp(700,56): warning C4244: '인수': 'float'에서 'int'(으)로 변환하면서 데이터가 손실될 수 있습니다.
E:\1.로컬_카타나제로\katana_zero_v1.0_sound\playerClass.cpp(706,95): warning C4244: '인수': 'float'에서 'int'(으)로 변환하면서 데이터가 손실될 수 있습니다.
E:\1.로컬_카타나제로\katana_zero_v1.0_sound\playerClass.cpp(707,95): warning C4244: '인수': 'float'에서 'int'(으)로 변환하면서 데이터가 손실될 수 있습니다.
E:\1.로컬_카타나제로\katana_zero_v1.0_sound\playerClass.cpp(708,95): warning C4244: '인수': 'float'에서 'int'(으)로 변환하면서 데이터가 손실될 수 있습니다.
E:\1.로컬_카타나제로\katana_zero_v1.0_sound\playerClass.cpp(709,56): warning C4244: '인수': 'float'에서 'int'(으)로 변환하면서 데이터가 손실될 수 있습니다.
E:\1.로컬_카타나제로\katana_zero_v1.0_sound\playerClass.cpp(713,95): warning C4244: '인수': 'float'에서 'int'(으)로 변환하면서 데이터가 손실될 수 있습니다.
E:\1.로컬_카타나제로\katana_zero_v1.0_sound\playerClass.cpp(714,95): warning C4244: '인수': 'float'에서 'int'(으)로 변환하면서 데이터가 손실될 수 있습니다.
E:\1.로컬_카타나제로\katana_zero_v1.0_sound\playerClass.cpp(715,95): warning C4244: '인수': 'float'에서 'int'(으)로 변환하면서 데이터가 손실될 수 있습니다.
E:\1.로컬_카타나제로\katana_zero_v1.0_sound\playerClass.cpp(716,56): warning C4244: '인수': 'float'에서 'int'(으)로 변환하면서 데이터가 손실될 수 있습니다.
E:\1.로컬_카타나제로\katana_zero_v1.0_sound\playerClass.cpp(722,95): warning C4244: '인수': 'float'에서 'int'(으)로 변환하면서 데이터가 손실될 수 있습니다.
E:\1.로컬_카타나제로\katana_zero_v1.0_sound\playerClass.cpp(723,95): warning C4244: '인수': 'float'에서 'int'(으)로 변환하면서 데이터가 손실될 수 있습니다.
E:\1.로컬_카타나제로\katana_zero_v1.0_sound\playerClass.cpp(724,95): warning C4244: '인수': 'float'에서 'int'(으)로 변환하면서 데이터가 손실될 수 있습니다.
E:\1.로컬_카타나제로\katana_zero_v1.0_sound\playerClass.cpp(725,95): warning C4244: '인수': 'float'에서 'int'(으)로 변환하면서 데이터가 손실될 수 있습니다.
E:\1.로컬_카타나제로\katana_zero_v1.0_sound\playerClass.cpp(729,95): warning C4244: '인수': 'float'에서 'int'(으)로 변환하면서 데이터가 손실될 수 있습니다.
E:\1.로컬_카타나제로\katana_zero_v1.0_sound\playerClass.cpp(730,95): warning C4244: '인수': 'float'에서 'int'(으)로 변환하면서 데이터가 손실될 수 있습니다.
E:\1.로컬_카타나제로\katana_zero_v1.0_sound\playerClass.cpp(731,95): warning C4244: '인수': 'float'에서 'int'(으)로 변환하면서 데이터가 손실될 수 있습니다.
E:\1.로컬_카타나제로\katana_zero_v1.0_sound\playerClass.cpp(732,95): warning C4244: '인수': 'float'에서 'int'(으)로 변환하면서 데이터가 손실될 수 있습니다.
E:\1.로컬_카타나제로\katana_zero_v1.0_sound\playerClass.cpp(735,46): warning C4244: '인수': 'float'에서 'int'(으)로 변환하면서 데이터가 손실될 수 있습니다.
E:\1.로컬_카타나제로\katana_zero_v1.0_sound\playerClass.cpp(747,86): warning C4244: '인수': 'LONG'에서 'float'(으)로 변환하면서 데이터가 손실될 수 있습니다.
E:\1.로컬_카타나제로\katana_zero_v1.0_sound\playerClass.cpp(748,91): warning C4244: '인수': 'LONG'에서 'float'(으)로 변환하면서 데이터가 손실될 수 있습니다.
E:\1.로컬_카타나제로\katana_zero_v1.0_sound\playerClass.cpp(757,86): warning C4244: '인수': 'LONG'에서 'float'(으)로 변환하면서 데이터가 손실될 수 있습니다.
E:\1.로컬_카타나제로\katana_zero_v1.0_sound\playerClass.cpp(758,91): warning C4244: '인수': 'LONG'에서 'float'(으)로 변환하면서 데이터가 손실될 수 있습니다.
E:\1.로컬_카타나제로\katana_zero_v1.0_sound\playerClass.cpp(762,49): warning C4244: '인수': 'float'에서 'int'(으)로 변환하면서 데이터가 손실될 수 있습니다.
E:\1.로컬_카타나제로\katana_zero_v1.0_sound\playerClass.cpp(765,52): warning C4244: '인수': 'float'에서 'int'(으)로 변환하면서 데이터가 손실될 수 있습니다.
E:\1.로컬_카타나제로\katana_zero_v1.0_sound\playerClass.cpp(770,56): warning C4244: '인수': 'float'에서 'int'(으)로 변환하면서 데이터가 손실될 수 있습니다.
E:\1.로컬_카타나제로\katana_zero_v1.0_sound\playerClass.cpp(774,56): warning C4244: '인수': 'float'에서 'int'(으)로 변환하면서 데이터가 손실될 수 있습니다.
E:\1.로컬_카타나제로\katana_zero_v1.0_sound\playerClass.cpp(780,95): warning C4244: '인수': 'float'에서 'int'(으)로 변환하면서 데이터가 손실될 수 있습니다.
E:\1.로컬_카타나제로\katana_zero_v1.0_sound\playerClass.cpp(781,95): warning C4244: '인수': 'float'에서 'int'(으)로 변환하면서 데이터가 손실될 수 있습니다.
E:\1.로컬_카타나제로\katana_zero_v1.0_sound\playerClass.cpp(782,95): warning C4244: '인수': 'float'에서 'int'(으)로 변환하면서 데이터가 손실될 수 있습니다.
E:\1.로컬_카타나제로\katana_zero_v1.0_sound\playerClass.cpp(786,95): warning C4244: '인수': 'float'에서 'int'(으)로 변환하면서 데이터가 손실될 수 있습니다.
E:\1.로컬_카타나제로\katana_zero_v1.0_sound\playerClass.cpp(787,95): warning C4244: '인수': 'float'에서 'int'(으)로 변환하면서 데이터가 손실될 수 있습니다.
E:\1.로컬_카타나제로\katana_zero_v1.0_sound\playerClass.cpp(788,95): warning C4244: '인수': 'float'에서 'int'(으)로 변환하면서 데이터가 손실될 수 있습니다.
E:\1.로컬_카타나제로\katana_zero_v1.0_sound\playerClass.cpp(790,55): warning C4244: '인수': 'float'에서 'int'(으)로 변환하면서 데이터가 손실될 수 있습니다.
E:\1.로컬_카타나제로\katana_zero_v1.0_sound\playerClass.cpp(793,51): warning C4244: '인수': 'float'에서 'int'(으)로 변환하면서 데이터가 손실될 수 있습니다.
E:\1.로컬_카타나제로\katana_zero_v1.0_sound\playerClass.cpp(796,51): warning C4244: '인수': 'float'에서 'int'(으)로 변환하면서 데이터가 손실될 수 있습니다.
E:\1.로컬_카타나제로\katana_zero_v1.0_sound\playerClass.cpp(819,26): warning C4244: '*=': 'float'에서 'int'(으)로 변환하면서 데이터가 손실될 수 있습니다.
E:\1.로컬_카타나제로\katana_zero_v1.0_sound\playerClass.cpp(857,26): warning C4244: '*=': 'float'에서 'int'(으)로 변환하면서 데이터가 손실될 수 있습니다.
E:\1.로컬_카타나제로\katana_zero_v1.0_sound\playerClass.cpp(900,26): warning C4244: '*=': 'float'에서 'int'(으)로 변환하면서 데이터가 손실될 수 있습니다.
E:\1.로컬_카타나제로\katana_zero_v1.0_sound\playerClass.cpp(938,26): warning C4244: '*=': 'float'에서 'int'(으)로 변환하면서 데이터가 손실될 수 있습니다.
E:\1.로컬_카타나제로\katana_zero_v1.0_sound\playerClass.cpp(978,26): warning C4244: '*=': 'float'에서 'int'(으)로 변환하면서 데이터가 손실될 수 있습니다.
E:\1.로컬_카타나제로\katana_zero_v1.0_sound\playerClass.cpp(1018,26): warning C4244: '*=': 'float'에서 'int'(으)로 변환하면서 데이터가 손실될 수 있습니다.
E:\1.로컬_카타나제로\katana_zero_v1.0_sound\playerClass.cpp(1066,26): warning C4244: '*=': 'float'에서 'int'(으)로 변환하면서 데이터가 손실될 수 있습니다.
E:\1.로컬_카타나제로\katana_zero_v1.0_sound\playerClass.cpp(1106,26): warning C4244: '*=': 'float'에서 'int'(으)로 변환하면서 데이터가 손실될 수 있습니다.
E:\1.로컬_카타나제로\katana_zero_v1.0_sound\playerClass.cpp(1148,26): warning C4244: '*=': 'float'에서 'int'(으)로 변환하면서 데이터가 손실될 수 있습니다.
E:\1.로컬_카타나제로\katana_zero_v1.0_sound\playerClass.cpp(1188,26): warning C4244: '*=': 'float'에서 'int'(으)로 변환하면서 데이터가 손실될 수 있습니다.
E:\1.로컬_카타나제로\katana_zero_v1.0_sound\playerClass.cpp(1229,26): warning C4244: '*=': 'float'에서 'int'(으)로 변환하면서 데이터가 손실될 수 있습니다.
E:\1.로컬_카타나제로\katana_zero_v1.0_sound\playerClass.cpp(1272,26): warning C4244: '*=': 'float'에서 'int'(으)로 변환하면서 데이터가 손실될 수 있습니다.
E:\1.로컬_카타나제로\katana_zero_v1.0_sound\playerClass.cpp(1315,26): warning C4244: '*=': 'float'에서 'int'(으)로 변환하면서 데이터가 손실될 수 있습니다.
E:\1.로컬_카타나제로\katana_zero_v1.0_sound\playerClass.cpp(1358,26): warning C4244: '*=': 'float'에서 'int'(으)로 변환하면서 데이터가 손실될 수 있습니다.
E:\1.로컬_카타나제로\katana_zero_v1.0_sound\playerClass.cpp(1398,13): warning C4244: '초기화 중': 'float'에서 'int'(으)로 변환하면서 데이터가 손실될 수 있습니다.
E:\1.로컬_카타나제로\katana_zero_v1.0_sound\playerClass.cpp(1400,63): warning C4244: '인수': 'float'에서 'int'(으)로 변환하면서 데이터가 손실될 수 있습니다.
E:\1.로컬_카타나제로\katana_zero_v1.0_sound\playerClass.cpp(1428,13): warning C4244: '초기화 중': 'float'에서 'int'(으)로 변환하면서 데이터가 손실될 수 있습니다.
E:\1.로컬_카타나제로\katana_zero_v1.0_sound\playerClass.cpp(1430,63): warning C4244: '인수': 'float'에서 'int'(으)로 변환하면서 데이터가 손실될 수 있습니다.
E:\1.로컬_카타나제로\katana_zero_v1.0_sound\playerClass.cpp(1458,13): warning C4244: '초기화 중': 'float'에서 'int'(으)로 변환하면서 데이터가 손실될 수 있습니다.
E:\1.로컬_카타나제로\katana_zero_v1.0_sound\playerClass.cpp(1460,66): warning C4244: '인수': 'float'에서 'int'(으)로 변환하면서 데이터가 손실될 수 있습니다.
E:\1.로컬_카타나제로\katana_zero_v1.0_sound\playerClass.cpp(1469,1): error C4996: 'sprintf': This function or variable may be unsafe. Consider using sprintf_s instead. To disable deprecation, use _CRT_SECURE_NO_WARNINGS. See online help for details.
C:\Program Files (x86)\Windows Kits\10\Include\10.0.18362.0\ucrt\stdio.h(1774): message : 'sprintf' 선언을 참조하십시오.
E:\1.로컬_카타나제로\katana_zero_v1.0_sound\playerClass.cpp(1482,13): warning C4244: '초기화 중': 'float'에서 'int'(으)로 변환하면서 데이터가 손실될 수 있습니다.
E:\1.로컬_카타나제로\katana_zero_v1.0_sound\playerClass.cpp(1485,66): warning C4244: '인수': 'float'에서 'int'(으)로 변환하면서 데이터가 손실될 수 있습니다.
E:\1.로컬_카타나제로\katana_zero_v1.0_sound\playerClass.cpp(1505,1): error C4996: 'sprintf': This function or variable may be unsafe. Consider using sprintf_s instead. To disable deprecation, use _CRT_SECURE_NO_WARNINGS. See online help for details.
C:\Program Files (x86)\Windows Kits\10\Include\10.0.18362.0\ucrt\stdio.h(1774): message : 'sprintf' 선언을 참조하십시오.
E:\1.로컬_카타나제로\katana_zero_v1.0_sound\playerClass.cpp(1521,13): warning C4244: '초기화 중': 'float'에서 'int'(으)로 변환하면서 데이터가 손실될 수 있습니다.
E:\1.로컬_카타나제로\katana_zero_v1.0_sound\playerClass.cpp(1523,69): warning C4244: '인수': 'float'에서 'int'(으)로 변환하면서 데이터가 손실될 수 있습니다.
E:\1.로컬_카타나제로\katana_zero_v1.0_sound\playerClass.cpp(1531,17): warning C4244: '=': 'int'에서 'float'(으)로 변환하면서 데이터가 손실될 수 있습니다.
E:\1.로컬_카타나제로\katana_zero_v1.0_sound\playerClass.cpp(1559,13): warning C4244: '초기화 중': 'float'에서 'int'(으)로 변환하면서 데이터가 손실될 수 있습니다.
E:\1.로컬_카타나제로\katana_zero_v1.0_sound\playerClass.cpp(1561,72): warning C4244: '인수': 'float'에서 'int'(으)로 변환하면서 데이터가 손실될 수 있습니다.
E:\1.로컬_카타나제로\katana_zero_v1.0_sound\playerClass.cpp(1576,13): warning C4244: '초기화 중': 'float'에서 'int'(으)로 변환하면서 데이터가 손실될 수 있습니다.
E:\1.로컬_카타나제로\katana_zero_v1.0_sound\playerClass.cpp(1578,69): warning C4244: '인수': 'float'에서 'int'(으)로 변환하면서 데이터가 손실될 수 있습니다.
E:\1.로컬_카타나제로\katana_zero_v1.0_sound\playerClass.cpp(1586,17): warning C4244: '=': 'int'에서 'float'(으)로 변환하면서 데이터가 손실될 수 있습니다.
E:\1.로컬_카타나제로\katana_zero_v1.0_sound\playerClass.cpp(1661,9): error C2664: 'HANDLE CreateFileW(LPCWSTR,DWORD,DWORD,LPSECURITY_ATTRIBUTES,DWORD,DWORD,HANDLE)': 인수 1을(를) 'const char [11]'에서 'LPCWSTR'(으)로 변환할 수 없습니다.
E:\1.로컬_카타나제로\katana_zero_v1.0_sound\playerClass.cpp(1661,20): message : 가리킨 형식이 관련이 없습니다. 변환하려면 reinterpret_cast, C 스타일 캐스트 또는 함수 스타일 캐스트가 필요합니다.
C:\Program Files (x86)\Windows Kits\10\Include\10.0.18362.0\um\fileapi.h(100,1): message : 'CreateFileW' 선언을 참조하십시오.
  progressBar.cpp
E:\1.로컬_카타나제로\katana_zero_v1.0_sound\progressBar.cpp(13,37): warning C4244: '=': 'int'에서 'float'(으)로 변환하면서 데이터가 손실될 수 있습니다.
E:\1.로컬_카타나제로\katana_zero_v1.0_sound\progressBar.cpp(14,39): warning C4244: '=': 'int'에서 'float'(으)로 변환하면서 데이터가 손실될 수 있습니다.
E:\1.로컬_카타나제로\katana_zero_v1.0_sound\progressBar.cpp(16,41): warning C4244: '인수': 'float'에서 'int'(으)로 변환하면서 데이터가 손실될 수 있습니다.
E:\1.로컬_카타나제로\katana_zero_v1.0_sound\progressBar.cpp(16,33): warning C4244: '인수': 'float'에서 'int'(으)로 변환하면서 데이터가 손실될 수 있습니다.
E:\1.로컬_카타나제로\katana_zero_v1.0_sound\progressBar.cpp(16,29): warning C4244: '인수': 'float'에서 'int'(으)로 변환하면서 데이터가 손실될 수 있습니다.
E:\1.로컬_카타나제로\katana_zero_v1.0_sound\progressBar.cpp(16,25): warning C4244: '인수': 'float'에서 'int'(으)로 변환하면서 데이터가 손실될 수 있습니다.
E:\1.로컬_카타나제로\katana_zero_v1.0_sound\progressBar.cpp(29,41): warning C4244: '인수': 'float'에서 'int'(으)로 변환하면서 데이터가 손실될 수 있습니다.
E:\1.로컬_카타나제로\katana_zero_v1.0_sound\progressBar.cpp(29,33): warning C4244: '인수': 'float'에서 'int'(으)로 변환하면서 데이터가 손실될 수 있습니다.
E:\1.로컬_카타나제로\katana_zero_v1.0_sound\progressBar.cpp(29,29): warning C4244: '인수': 'float'에서 'int'(으)로 변환하면서 데이터가 손실될 수 있습니다.
E:\1.로컬_카타나제로\katana_zero_v1.0_sound\progressBar.cpp(29,25): warning C4244: '인수': 'float'에서 'int'(으)로 변환하면서 데이터가 손실될 수 있습니다.
E:\1.로컬_카타나제로\katana_zero_v1.0_sound\progressBar.cpp(35,43): warning C4244: '인수': 'float'에서 'int'(으)로 변환하면서 데이터가 손실될 수 있습니다.
E:\1.로컬_카타나제로\katana_zero_v1.0_sound\progressBar.cpp(35,39): warning C4244: '인수': 'float'에서 'int'(으)로 변환하면서 데이터가 손실될 수 있습니다.
E:\1.로컬_카타나제로\katana_zero_v1.0_sound\progressBar.cpp(38,9): warning C4244: '인수': 'float'에서 'int'(으)로 변환하면서 데이터가 손실될 수 있습니다.
E:\1.로컬_카타나제로\katana_zero_v1.0_sound\progressBar.cpp(37,44): warning C4244: '인수': 'float'에서 'int'(으)로 변환하면서 데이터가 손실될 수 있습니다.
E:\1.로컬_카타나제로\katana_zero_v1.0_sound\progressBar.cpp(37,40): warning C4244: '인수': 'float'에서 'int'(으)로 변환하면서 데이터가 손실될 수 있습니다.
  random.cpp
  sceneManager.cpp
E:\1.로컬_카타나제로\katana_zero_v1.0_sound\sceneManager.cpp(31,6): warning C4101: 'a' :참조되지 않은 지역 변수입니다.
E:\1.로컬_카타나제로\katana_zero_v1.0_sound\sceneManager.cpp(32,8): warning C4101: 'b' :참조되지 않은 지역 변수입니다.
  컴파일하고 있습니다...
  soundManager.cpp
  stage1.cpp
E:\1.로컬_카타나제로\katana_zero_v1.0_sound\playerClass.h(131,18): warning C4244: '=': 'float'에서 'int'(으)로 변환하면서 데이터가 손실될 수 있습니다.
E:\1.로컬_카타나제로\katana_zero_v1.0_sound\playerClass.h(132,19): warning C4244: '=': 'float'에서 'int'(으)로 변환하면서 데이터가 손실될 수 있습니다.
E:\1.로컬_카타나제로\katana_zero_v1.0_sound\enemyClass.h(386,70): warning C4244: '=': 'int'에서 'float'(으)로 변환하면서 데이터가 손실될 수 있습니다.
E:\1.로컬_카타나제로\katana_zero_v1.0_sound\stage1.cpp(134,60): warning C4244: '인수': 'float'에서 'int'(으)로 변환하면서 데이터가 손실될 수 있습니다.
E:\1.로컬_카타나제로\katana_zero_v1.0_sound\stage1.cpp(134,45): warning C4244: '인수': 'float'에서 'int'(으)로 변환하면서 데이터가 손실될 수 있습니다.
E:\1.로컬_카타나제로\katana_zero_v1.0_sound\stage1.cpp(137,20): warning C4018: '<': signed 또는 unsigned가 일치하지 않습니다.
E:\1.로컬_카타나제로\katana_zero_v1.0_sound\stage1.cpp(173,20): warning C4018: '<': signed 또는 unsigned가 일치하지 않습니다.
E:\1.로컬_카타나제로\katana_zero_v1.0_sound\stage1.cpp(190,20): warning C4018: '<': signed 또는 unsigned가 일치하지 않습니다.
E:\1.로컬_카타나제로\katana_zero_v1.0_sound\stage1.cpp(197,28): warning C4244: '인수': 'float'에서 'int'(으)로 변환하면서 데이터가 손실될 수 있습니다.
E:\1.로컬_카타나제로\katana_zero_v1.0_sound\stage1.cpp(207,21): warning C4018: '<': signed 또는 unsigned가 일치하지 않습니다.
E:\1.로컬_카타나제로\katana_zero_v1.0_sound\stage1.cpp(220,46): warning C4244: '=': 'LONG'에서 'float'(으)로 변환하면서 데이터가 손실될 수 있습니다.
E:\1.로컬_카타나제로\katana_zero_v1.0_sound\stage1.cpp(221,46): warning C4244: '=': 'LONG'에서 'float'(으)로 변환하면서 데이터가 손실될 수 있습니다.
E:\1.로컬_카타나제로\katana_zero_v1.0_sound\stage1.cpp(238,45): warning C4244: '=': 'LONG'에서 'float'(으)로 변환하면서 데이터가 손실될 수 있습니다.
E:\1.로컬_카타나제로\katana_zero_v1.0_sound\stage1.cpp(239,45): warning C4244: '=': 'LONG'에서 'float'(으)로 변환하면서 데이터가 손실될 수 있습니다.
E:\1.로컬_카타나제로\katana_zero_v1.0_sound\stage1.cpp(258,44): warning C4805: '==': 연산에 'float' 형식과 'bool' 형식을 함께 사용하는 것은 안전하지 않습니다.
E:\1.로컬_카타나제로\katana_zero_v1.0_sound\stage1.cpp(278,7): warning C4805: '==': 연산에 'float' 형식과 'bool' 형식을 함께 사용하는 것은 안전하지 않습니다.
E:\1.로컬_카타나제로\katana_zero_v1.0_sound\stage1.cpp(204,8): warning C4101: 'tempRECT6' :참조되지 않은 지역 변수입니다.
E:\1.로컬_카타나제로\katana_zero_v1.0_sound\stage1.cpp(203,8): warning C4101: 'tempRECT5' :참조되지 않은 지역 변수입니다.
E:\1.로컬_카타나제로\katana_zero_v1.0_sound\stage1.cpp(331,71): warning C4244: '인수': 'float'에서 'int'(으)로 변환하면서 데이터가 손실될 수 있습니다.
E:\1.로컬_카타나제로\katana_zero_v1.0_sound\stage1.cpp(331,46): warning C4244: '인수': 'float'에서 'int'(으)로 변환하면서 데이터가 손실될 수 있습니다.
E:\1.로컬_카타나제로\katana_zero_v1.0_sound\stage1.cpp(332,71): warning C4244: '인수': 'float'에서 'int'(으)로 변환하면서 데이터가 손실될 수 있습니다.
E:\1.로컬_카타나제로\katana_zero_v1.0_sound\stage1.cpp(332,46): warning C4244: '인수': 'float'에서 'int'(으)로 변환하면서 데이터가 손실될 수 있습니다.
E:\1.로컬_카타나제로\katana_zero_v1.0_sound\stage1.cpp(363,9): error C2664: 'HANDLE CreateFileW(LPCWSTR,DWORD,DWORD,LPSECURITY_ATTRIBUTES,DWORD,DWORD,HANDLE)': 인수 1을(를) 'const char [11]'에서 'LPCWSTR'(으)로 변환할 수 없습니다.
E:\1.로컬_카타나제로\katana_zero_v1.0_sound\stage1.cpp(363,20): message : 가리킨 형식이 관련이 없습니다. 변환하려면 reinterpret_cast, C 스타일 캐스트 또는 함수 스타일 캐스트가 필요합니다.
C:\Program Files (x86)\Windows Kits\10\Include\10.0.18362.0\um\fileapi.h(100,1): message : 'CreateFileW' 선언을 참조하십시오.
  stage2.cpp
E:\1.로컬_카타나제로\katana_zero_v1.0_sound\playerClass.h(131,18): warning C4244: '=': 'float'에서 'int'(으)로 변환하면서 데이터가 손실될 수 있습니다.
E:\1.로컬_카타나제로\katana_zero_v1.0_sound\playerClass.h(132,19): warning C4244: '=': 'float'에서 'int'(으)로 변환하면서 데이터가 손실될 수 있습니다.
E:\1.로컬_카타나제로\katana_zero_v1.0_sound\enemyClass.h(386,70): warning C4244: '=': 'int'에서 'float'(으)로 변환하면서 데이터가 손실될 수 있습니다.
E:\1.로컬_카타나제로\katana_zero_v1.0_sound\stage2.cpp(138,60): warning C4244: '인수': 'float'에서 'int'(으)로 변환하면서 데이터가 손실될 수 있습니다.
E:\1.로컬_카타나제로\katana_zero_v1.0_sound\stage2.cpp(138,45): warning C4244: '인수': 'float'에서 'int'(으)로 변환하면서 데이터가 손실될 수 있습니다.
E:\1.로컬_카타나제로\katana_zero_v1.0_sound\stage2.cpp(154,20): warning C4018: '<': signed 또는 unsigned가 일치하지 않습니다.
E:\1.로컬_카타나제로\katana_zero_v1.0_sound\stage2.cpp(190,20): warning C4018: '<': signed 또는 unsigned가 일치하지 않습니다.
E:\1.로컬_카타나제로\katana_zero_v1.0_sound\stage2.cpp(244,20): warning C4018: '<': signed 또는 unsigned가 일치하지 않습니다.
E:\1.로컬_카타나제로\katana_zero_v1.0_sound\stage2.cpp(251,28): warning C4244: '인수': 'float'에서 'int'(으)로 변환하면서 데이터가 손실될 수 있습니다.
E:\1.로컬_카타나제로\katana_zero_v1.0_sound\stage2.cpp(261,21): warning C4018: '<': signed 또는 unsigned가 일치하지 않습니다.
E:\1.로컬_카타나제로\katana_zero_v1.0_sound\stage2.cpp(274,46): warning C4244: '=': 'LONG'에서 'float'(으)로 변환하면서 데이터가 손실될 수 있습니다.
E:\1.로컬_카타나제로\katana_zero_v1.0_sound\stage2.cpp(275,46): warning C4244: '=': 'LONG'에서 'float'(으)로 변환하면서 데이터가 손실될 수 있습니다.
E:\1.로컬_카타나제로\katana_zero_v1.0_sound\stage2.cpp(283,21): warning C4018: '<': signed 또는 unsigned가 일치하지 않습니다.
E:\1.로컬_카타나제로\katana_zero_v1.0_sound\stage2.cpp(343,45): warning C4244: '=': 'LONG'에서 'float'(으)로 변환하면서 데이터가 손실될 수 있습니다.
E:\1.로컬_카타나제로\katana_zero_v1.0_sound\stage2.cpp(344,45): warning C4244: '=': 'LONG'에서 'float'(으)로 변환하면서 데이터가 손실될 수 있습니다.
E:\1.로컬_카타나제로\katana_zero_v1.0_sound\stage2.cpp(363,7): warning C4805: '==': 연산에 'float' 형식과 'bool' 형식을 함께 사용하는 것은 안전하지 않습니다.
E:\1.로컬_카타나제로\katana_zero_v1.0_sound\stage2.cpp(383,7): warning C4805: '==': 연산에 'float' 형식과 'bool' 형식을 함께 사용하는 것은 안전하지 않습니다.
E:\1.로컬_카타나제로\katana_zero_v1.0_sound\stage2.cpp(258,8): warning C4101: 'tempRECT6' :참조되지 않은 지역 변수입니다.
E:\1.로컬_카타나제로\katana_zero_v1.0_sound\stage2.cpp(257,8): warning C4101: 'tempRECT5' :참조되지 않은 지역 변수입니다.
E:\1.로컬_카타나제로\katana_zero_v1.0_sound\stage2.cpp(435,71): warning C4244: '인수': 'float'에서 'int'(으)로 변환하면서 데이터가 손실될 수 있습니다.
E:\1.로컬_카타나제로\katana_zero_v1.0_sound\stage2.cpp(435,46): warning C4244: '인수': 'float'에서 'int'(으)로 변환하면서 데이터가 손실될 수 있습니다.
E:\1.로컬_카타나제로\katana_zero_v1.0_sound\stage2.cpp(436,71): warning C4244: '인수': 'float'에서 'int'(으)로 변환하면서 데이터가 손실될 수 있습니다.
E:\1.로컬_카타나제로\katana_zero_v1.0_sound\stage2.cpp(436,46): warning C4244: '인수': 'float'에서 'int'(으)로 변환하면서 데이터가 손실될 수 있습니다.
E:\1.로컬_카타나제로\katana_zero_v1.0_sound\stage2.cpp(467,9): error C2664: 'HANDLE CreateFileW(LPCWSTR,DWORD,DWORD,LPSECURITY_ATTRIBUTES,DWORD,DWORD,HANDLE)': 인수 1을(를) 'const char [11]'에서 'LPCWSTR'(으)로 변환할 수 없습니다.
E:\1.로컬_카타나제로\katana_zero_v1.0_sound\stage2.cpp(467,20): message : 가리킨 형식이 관련이 없습니다. 변환하려면 reinterpret_cast, C 스타일 캐스트 또는 함수 스타일 캐스트가 필요합니다.
C:\Program Files (x86)\Windows Kits\10\Include\10.0.18362.0\um\fileapi.h(100,1): message : 'CreateFileW' 선언을 참조하십시오.
  stage3.cpp
E:\1.로컬_카타나제로\katana_zero_v1.0_sound\playerClass.h(131,18): warning C4244: '=': 'float'에서 'int'(으)로 변환하면서 데이터가 손실될 수 있습니다.
E:\1.로컬_카타나제로\katana_zero_v1.0_sound\playerClass.h(132,19): warning C4244: '=': 'float'에서 'int'(으)로 변환하면서 데이터가 손실될 수 있습니다.
E:\1.로컬_카타나제로\katana_zero_v1.0_sound\enemyClass.h(386,70): warning C4244: '=': 'int'에서 'float'(으)로 변환하면서 데이터가 손실될 수 있습니다.
E:\1.로컬_카타나제로\katana_zero_v1.0_sound\stage3.cpp(166,61): warning C4244: '인수': 'float'에서 'int'(으)로 변환하면서 데이터가 손실될 수 있습니다.
E:\1.로컬_카타나제로\katana_zero_v1.0_sound\stage3.cpp(166,45): warning C4244: '인수': 'float'에서 'int'(으)로 변환하면서 데이터가 손실될 수 있습니다.
E:\1.로컬_카타나제로\katana_zero_v1.0_sound\stage3.cpp(182,20): warning C4018: '<': signed 또는 unsigned가 일치하지 않습니다.
E:\1.로컬_카타나제로\katana_zero_v1.0_sound\stage3.cpp(220,20): warning C4018: '<': signed 또는 unsigned가 일치하지 않습니다.
E:\1.로컬_카타나제로\katana_zero_v1.0_sound\stage3.cpp(225,21): warning C4018: '<': signed 또는 unsigned가 일치하지 않습니다.
E:\1.로컬_카타나제로\katana_zero_v1.0_sound\stage3.cpp(246,22): warning C4018: '<': signed 또는 unsigned가 일치하지 않습니다.
E:\1.로컬_카타나제로\katana_zero_v1.0_sound\stage3.cpp(315,20): warning C4018: '<': signed 또는 unsigned가 일치하지 않습니다.
E:\1.로컬_카타나제로\katana_zero_v1.0_sound\stage3.cpp(322,28): warning C4244: '인수': 'float'에서 'int'(으)로 변환하면서 데이터가 손실될 수 있습니다.
E:\1.로컬_카타나제로\katana_zero_v1.0_sound\stage3.cpp(335,22): warning C4018: '<': signed 또는 unsigned가 일치하지 않습니다.
E:\1.로컬_카타나제로\katana_zero_v1.0_sound\stage3.cpp(346,21): warning C4018: '<': signed 또는 unsigned가 일치하지 않습니다.
E:\1.로컬_카타나제로\katana_zero_v1.0_sound\stage3.cpp(359,46): warning C4244: '=': 'LONG'에서 'float'(으)로 변환하면서 데이터가 손실될 수 있습니다.
E:\1.로컬_카타나제로\katana_zero_v1.0_sound\stage3.cpp(360,46): warning C4244: '=': 'LONG'에서 'float'(으)로 변환하면서 데이터가 손실될 수 있습니다.
E:\1.로컬_카타나제로\katana_zero_v1.0_sound\stage3.cpp(368,21): warning C4018: '<': signed 또는 unsigned가 일치하지 않습니다.
E:\1.로컬_카타나제로\katana_zero_v1.0_sound\stage3.cpp(428,45): warning C4244: '=': 'LONG'에서 'float'(으)로 변환하면서 데이터가 손실될 수 있습니다.
E:\1.로컬_카타나제로\katana_zero_v1.0_sound\stage3.cpp(429,45): warning C4244: '=': 'LONG'에서 'float'(으)로 변환하면서 데이터가 손실될 수 있습니다.
E:\1.로컬_카타나제로\katana_zero_v1.0_sound\stage3.cpp(448,7): warning C4805: '==': 연산에 'float' 형식과 'bool' 형식을 함께 사용하는 것은 안전하지 않습니다.
E:\1.로컬_카타나제로\katana_zero_v1.0_sound\stage3.cpp(468,7): warning C4805: '==': 연산에 'float' 형식과 'bool' 형식을 함께 사용하는 것은 안전하지 않습니다.
E:\1.로컬_카타나제로\katana_zero_v1.0_sound\stage3.cpp(329,8): warning C4101: 'tempRECT6' :참조되지 않은 지역 변수입니다.
E:\1.로컬_카타나제로\katana_zero_v1.0_sound\stage3.cpp(328,8): warning C4101: 'tempRECT5' :참조되지 않은 지역 변수입니다.
E:\1.로컬_카타나제로\katana_zero_v1.0_sound\stage3.cpp(520,71): warning C4244: '인수': 'float'에서 'int'(으)로 변환하면서 데이터가 손실될 수 있습니다.
E:\1.로컬_카타나제로\katana_zero_v1.0_sound\stage3.cpp(520,46): warning C4244: '인수': 'float'에서 'int'(으)로 변환하면서 데이터가 손실될 수 있습니다.
E:\1.로컬_카타나제로\katana_zero_v1.0_sound\stage3.cpp(521,71): warning C4244: '인수': 'float'에서 'int'(으)로 변환하면서 데이터가 손실될 수 있습니다.
E:\1.로컬_카타나제로\katana_zero_v1.0_sound\stage3.cpp(521,46): warning C4244: '인수': 'float'에서 'int'(으)로 변환하면서 데이터가 손실될 수 있습니다.
E:\1.로컬_카타나제로\katana_zero_v1.0_sound\stage3.cpp(553,9): error C2664: 'HANDLE CreateFileW(LPCWSTR,DWORD,DWORD,LPSECURITY_ATTRIBUTES,DWORD,DWORD,HANDLE)': 인수 1을(를) 'const char [11]'에서 'LPCWSTR'(으)로 변환할 수 없습니다.
E:\1.로컬_카타나제로\katana_zero_v1.0_sound\stage3.cpp(553,20): message : 가리킨 형식이 관련이 없습니다. 변환하려면 reinterpret_cast, C 스타일 캐스트 또는 함수 스타일 캐스트가 필요합니다.
C:\Program Files (x86)\Windows Kits\10\Include\10.0.18362.0\um\fileapi.h(100,1): message : 'CreateFileW' 선언을 참조하십시오.
  stage4.cpp
E:\1.로컬_카타나제로\katana_zero_v1.0_sound\playerClass.h(131,18): warning C4244: '=': 'float'에서 'int'(으)로 변환하면서 데이터가 손실될 수 있습니다.
E:\1.로컬_카타나제로\katana_zero_v1.0_sound\playerClass.h(132,19): warning C4244: '=': 'float'에서 'int'(으)로 변환하면서 데이터가 손실될 수 있습니다.
E:\1.로컬_카타나제로\katana_zero_v1.0_sound\enemyClass.h(386,70): warning C4244: '=': 'int'에서 'float'(으)로 변환하면서 데이터가 손실될 수 있습니다.
E:\1.로컬_카타나제로\katana_zero_v1.0_sound\bossClass.h(82,14): warning C4244: '초기화 중': 'float'에서 'int'(으)로 변환하면서 데이터가 손실될 수 있습니다.
E:\1.로컬_카타나제로\katana_zero_v1.0_sound\bossClass.h(84,68): warning C4244: '인수': 'float'에서 'int'(으)로 변환하면서 데이터가 손실될 수 있습니다.
E:\1.로컬_카타나제로\katana_zero_v1.0_sound\bossClass.h(92,16): warning C4244: '=': 'int'에서 'float'(으)로 변환하면서 데이터가 손실될 수 있습니다.
E:\1.로컬_카타나제로\katana_zero_v1.0_sound\stage4.cpp(134,61): warning C4244: '인수': 'float'에서 'int'(으)로 변환하면서 데이터가 손실될 수 있습니다.
E:\1.로컬_카타나제로\katana_zero_v1.0_sound\stage4.cpp(134,45): warning C4244: '인수': 'float'에서 'int'(으)로 변환하면서 데이터가 손실될 수 있습니다.
E:\1.로컬_카타나제로\katana_zero_v1.0_sound\stage4.cpp(157,20): warning C4018: '<': signed 또는 unsigned가 일치하지 않습니다.
E:\1.로컬_카타나제로\katana_zero_v1.0_sound\stage4.cpp(193,20): warning C4018: '<': signed 또는 unsigned가 일치하지 않습니다.
E:\1.로컬_카타나제로\katana_zero_v1.0_sound\stage4.cpp(247,20): warning C4018: '<': signed 또는 unsigned가 일치하지 않습니다.
E:\1.로컬_카타나제로\katana_zero_v1.0_sound\stage4.cpp(254,28): warning C4244: '인수': 'float'에서 'int'(으)로 변환하면서 데이터가 손실될 수 있습니다.
E:\1.로컬_카타나제로\katana_zero_v1.0_sound\stage4.cpp(270,21): warning C4018: '<': signed 또는 unsigned가 일치하지 않습니다.
E:\1.로컬_카타나제로\katana_zero_v1.0_sound\stage4.cpp(283,46): warning C4244: '=': 'LONG'에서 'float'(으)로 변환하면서 데이터가 손실될 수 있습니다.
E:\1.로컬_카타나제로\katana_zero_v1.0_sound\stage4.cpp(284,46): warning C4244: '=': 'LONG'에서 'float'(으)로 변환하면서 데이터가 손실될 수 있습니다.
E:\1.로컬_카타나제로\katana_zero_v1.0_sound\stage4.cpp(292,21): warning C4018: '<': signed 또는 unsigned가 일치하지 않습니다.
E:\1.로컬_카타나제로\katana_zero_v1.0_sound\stage4.cpp(352,45): warning C4244: '=': 'LONG'에서 'float'(으)로 변환하면서 데이터가 손실될 수 있습니다.
E:\1.로컬_카타나제로\katana_zero_v1.0_sound\stage4.cpp(353,45): warning C4244: '=': 'LONG'에서 'float'(으)로 변환하면서 데이터가 손실될 수 있습니다.
E:\1.로컬_카타나제로\katana_zero_v1.0_sound\stage4.cpp(371,7): warning C4805: '==': 연산에 'float' 형식과 'bool' 형식을 함께 사용하는 것은 안전하지 않습니다.
E:\1.로컬_카타나제로\katana_zero_v1.0_sound\stage4.cpp(392,7): warning C4805: '==': 연산에 'float' 형식과 'bool' 형식을 함께 사용하는 것은 안전하지 않습니다.
E:\1.로컬_카타나제로\katana_zero_v1.0_sound\stage4.cpp(267,8): warning C4101: 'tempRECT6' :참조되지 않은 지역 변수입니다.
E:\1.로컬_카타나제로\katana_zero_v1.0_sound\stage4.cpp(266,8): warning C4101: 'tempRECT5' :참조되지 않은 지역 변수입니다.
E:\1.로컬_카타나제로\katana_zero_v1.0_sound\stage4.cpp(447,71): warning C4244: '인수': 'float'에서 'int'(으)로 변환하면서 데이터가 손실될 수 있습니다.
E:\1.로컬_카타나제로\katana_zero_v1.0_sound\stage4.cpp(447,46): warning C4244: '인수': 'float'에서 'int'(으)로 변환하면서 데이터가 손실될 수 있습니다.
E:\1.로컬_카타나제로\katana_zero_v1.0_sound\stage4.cpp(448,71): warning C4244: '인수': 'float'에서 'int'(으)로 변환하면서 데이터가 손실될 수 있습니다.
E:\1.로컬_카타나제로\katana_zero_v1.0_sound\stage4.cpp(448,46): warning C4244: '인수': 'float'에서 'int'(으)로 변환하면서 데이터가 손실될 수 있습니다.
E:\1.로컬_카타나제로\katana_zero_v1.0_sound\stage4.cpp(483,9): error C2664: 'HANDLE CreateFileW(LPCWSTR,DWORD,DWORD,LPSECURITY_ATTRIBUTES,DWORD,DWORD,HANDLE)': 인수 1을(를) 'const char [11]'에서 'LPCWSTR'(으)로 변환할 수 없습니다.
E:\1.로컬_카타나제로\katana_zero_v1.0_sound\stage4.cpp(483,20): message : 가리킨 형식이 관련이 없습니다. 변환하려면 reinterpret_cast, C 스타일 캐스트 또는 함수 스타일 캐스트가 필요합니다.
C:\Program Files (x86)\Windows Kits\10\Include\10.0.18362.0\um\fileapi.h(100,1): message : 'CreateFileW' 선언을 참조하십시오.
E:\1.로컬_카타나제로\katana_zero_v1.0_sound\stage4.cpp(678,34): warning C4244: '인수': 'int'에서 'float'(으)로 변환하면서 데이터가 손실될 수 있습니다.
E:\1.로컬_카타나제로\katana_zero_v1.0_sound\stage4.cpp(678,29): warning C4244: '인수': 'int'에서 'float'(으)로 변환하면서 데이터가 손실될 수 있습니다.
E:\1.로컬_카타나제로\katana_zero_v1.0_sound\stage4.cpp(687,37): warning C4244: '인수': 'int'에서 'float'(으)로 변환하면서 데이터가 손실될 수 있습니다.
E:\1.로컬_카타나제로\katana_zero_v1.0_sound\stage4.cpp(687,33): warning C4244: '인수': 'int'에서 'float'(으)로 변환하면서 데이터가 손실될 수 있습니다.
E:\1.로컬_카타나제로\katana_zero_v1.0_sound\stage4.cpp(696,38): warning C4244: '인수': 'int'에서 'float'(으)로 변환하면서 데이터가 손실될 수 있습니다.
E:\1.로컬_카타나제로\katana_zero_v1.0_sound\stage4.cpp(696,33): warning C4244: '인수': 'int'에서 'float'(으)로 변환하면서 데이터가 손실될 수 있습니다.
  stage5.cpp
E:\1.로컬_카타나제로\katana_zero_v1.0_sound\playerClass.h(131,18): warning C4244: '=': 'float'에서 'int'(으)로 변환하면서 데이터가 손실될 수 있습니다.
E:\1.로컬_카타나제로\katana_zero_v1.0_sound\playerClass.h(132,19): warning C4244: '=': 'float'에서 'int'(으)로 변환하면서 데이터가 손실될 수 있습니다.
E:\1.로컬_카타나제로\katana_zero_v1.0_sound\enemyClass.h(386,70): warning C4244: '=': 'int'에서 'float'(으)로 변환하면서 데이터가 손실될 수 있습니다.
E:\1.로컬_카타나제로\katana_zero_v1.0_sound\bossClass.h(82,14): warning C4244: '초기화 중': 'float'에서 'int'(으)로 변환하면서 데이터가 손실될 수 있습니다.
E:\1.로컬_카타나제로\katana_zero_v1.0_sound\bossClass.h(84,68): warning C4244: '인수': 'float'에서 'int'(으)로 변환하면서 데이터가 손실될 수 있습니다.
E:\1.로컬_카타나제로\katana_zero_v1.0_sound\bossClass.h(92,16): warning C4244: '=': 'int'에서 'float'(으)로 변환하면서 데이터가 손실될 수 있습니다.
E:\1.로컬_카타나제로\katana_zero_v1.0_sound\stage5.cpp(142,20): warning C4018: '<': signed 또는 unsigned가 일치하지 않습니다.
E:\1.로컬_카타나제로\katana_zero_v1.0_sound\stage5.cpp(179,71): warning C4244: '인수': 'float'에서 'int'(으)로 변환하면서 데이터가 손실될 수 있습니다.
E:\1.로컬_카타나제로\katana_zero_v1.0_sound\stage5.cpp(179,46): warning C4244: '인수': 'float'에서 'int'(으)로 변환하면서 데이터가 손실될 수 있습니다.
E:\1.로컬_카타나제로\katana_zero_v1.0_sound\stage5.cpp(180,71): warning C4244: '인수': 'float'에서 'int'(으)로 변환하면서 데이터가 손실될 수 있습니다.
E:\1.로컬_카타나제로\katana_zero_v1.0_sound\stage5.cpp(180,46): warning C4244: '인수': 'float'에서 'int'(으)로 변환하면서 데이터가 손실될 수 있습니다.
E:\1.로컬_카타나제로\katana_zero_v1.0_sound\stage5.cpp(211,21): warning C4018: '<': signed 또는 unsigned가 일치하지 않습니다.
E:\1.로컬_카타나제로\katana_zero_v1.0_sound\stage5.cpp(305,9): error C2664: 'HANDLE CreateFileW(LPCWSTR,DWORD,DWORD,LPSECURITY_ATTRIBUTES,DWORD,DWORD,HANDLE)': 인수 1을(를) 'const char [11]'에서 'LPCWSTR'(으)로 변환할 수 없습니다.
E:\1.로컬_카타나제로\katana_zero_v1.0_sound\stage5.cpp(305,20): message : 가리킨 형식이 관련이 없습니다. 변환하려면 reinterpret_cast, C 스타일 캐스트 또는 함수 스타일 캐스트가 필요합니다.
C:\Program Files (x86)\Windows Kits\10\Include\10.0.18362.0\um\fileapi.h(100,1): message : 'CreateFileW' 선언을 참조하십시오.
  titleScene.cpp
E:\1.로컬_카타나제로\katana_zero_v1.0_sound\titleScene.cpp(123,9): error C2664: 'HANDLE CreateFileW(LPCWSTR,DWORD,DWORD,LPSECURITY_ATTRIBUTES,DWORD,DWORD,HANDLE)': 인수 1을(를) 'const char [11]'에서 'LPCWSTR'(으)로 변환할 수 없습니다.
E:\1.로컬_카타나제로\katana_zero_v1.0_sound\titleScene.cpp(123,20): message : 가리킨 형식이 관련이 없습니다. 변환하려면 reinterpret_cast, C 스타일 캐스트 또는 함수 스타일 캐스트가 필요합니다.
C:\Program Files (x86)\Windows Kits\10\Include\10.0.18362.0\um\fileapi.h(100,1): message : 'CreateFileW' 선언을 참조하십시오.
  timeManager.cpp
E:\1.로컬_카타나제로\katana_zero_v1.0_sound\timeManager.cpp(108,41): error C2664: 'BOOL TextOutW(HDC,int,int,LPCWSTR,int)': 인수 4을(를) 'char [256]'에서 'LPCWSTR'(으)로 변환할 수 없습니다.
E:\1.로컬_카타나제로\katana_zero_v1.0_sound\timeManager.cpp(108,25): message : 가리킨 형식이 관련이 없습니다. 변환하려면 reinterpret_cast, C 스타일 캐스트 또는 함수 스타일 캐스트가 필요합니다.
C:\Program Files (x86)\Windows Kits\10\Include\10.0.18362.0\um\wingdi.h(5101,25): message : 'TextOutW' 선언을 참조하십시오.
E:\1.로컬_카타나제로\katana_zero_v1.0_sound\timeManager.cpp(116,40): error C2664: 'BOOL TextOutW(HDC,int,int,LPCWSTR,int)': 인수 4을(를) 'char [256]'에서 'LPCWSTR'(으)로 변환할 수 없습니다.
E:\1.로컬_카타나제로\katana_zero_v1.0_sound\timeManager.cpp(116,24): message : 가리킨 형식이 관련이 없습니다. 변환하려면 reinterpret_cast, C 스타일 캐스트 또는 함수 스타일 캐스트가 필요합니다.
C:\Program Files (x86)\Windows Kits\10\Include\10.0.18362.0\um\wingdi.h(5101,25): message : 'TextOutW' 선언을 참조하십시오.
E:\1.로컬_카타나제로\katana_zero_v1.0_sound\timeManager.cpp(107,1): error C4996: 'sprintf': This function or variable may be unsafe. Consider using sprintf_s instead. To disable deprecation, use _CRT_SECURE_NO_WARNINGS. See online help for details.
C:\Program Files (x86)\Windows Kits\10\Include\10.0.18362.0\ucrt\stdio.h(1774): message : 'sprintf' 선언을 참조하십시오.
E:\1.로컬_카타나제로\katana_zero_v1.0_sound\timeManager.cpp(115,1): error C4996: 'sprintf': This function or variable may be unsafe. Consider using sprintf_s instead. To disable deprecation, use _CRT_SECURE_NO_WARNINGS. See online help for details.
C:\Program Files (x86)\Windows Kits\10\Include\10.0.18362.0\ucrt\stdio.h(1774): message : 'sprintf' 선언을 참조하십시오.
  util.cpp
  winMain.cpp
E:\1.로컬_카타나제로\katana_zero_v1.0_sound\playerClass.h(131,18): warning C4244: '=': 'float'에서 'int'(으)로 변환하면서 데이터가 손실될 수 있습니다.
E:\1.로컬_카타나제로\katana_zero_v1.0_sound\playerClass.h(132,19): warning C4244: '=': 'float'에서 'int'(으)로 변환하면서 데이터가 손실될 수 있습니다.
E:\1.로컬_카타나제로\katana_zero_v1.0_sound\enemyClass.h(386,70): warning C4244: '=': 'int'에서 'float'(으)로 변환하면서 데이터가 손실될 수 있습니다.
E:\1.로컬_카타나제로\katana_zero_v1.0_sound\bossClass.h(82,14): warning C4244: '초기화 중': 'float'에서 'int'(으)로 변환하면서 데이터가 손실될 수 있습니다.
E:\1.로컬_카타나제로\katana_zero_v1.0_sound\bossClass.h(84,68): warning C4244: '인수': 'float'에서 'int'(으)로 변환하면서 데이터가 손실될 수 있습니다.
E:\1.로컬_카타나제로\katana_zero_v1.0_sound\bossClass.h(92,16): warning C4244: '=': 'int'에서 'float'(으)로 변환하면서 데이터가 손실될 수 있습니다.
